
*** Running vivado
    with args -log LED_manager.vds -m64 -product Vivado -mode batch -messageDb vivado.pb -notrace -source LED_manager.tcl



****** Vivado v2024.2 (64-bit)
  **** SW Build 5239630 on Fri Nov 08 22:35:27 MST 2024
  **** IP Build 5239520 on Sun Nov 10 16:12:51 MST 2024
  **** SharedData Build 5239561 on Fri Nov 08 14:39:27 MST 2024
  **** Start of session at: Sun Mar 23 20:44:54 2025
    ** Copyright 1986-2022 Xilinx, Inc. All Rights Reserved.
    ** Copyright 2022-2024 Advanced Micro Devices, Inc. All Rights Reserved.

source LED_manager.tcl -notrace
Command: read_checkpoint -auto_incremental -incremental C:/FPGA_2025/xilinx/lab5/lab5.srcs/utils_1/imports/synth_1/LED_manager.dcp
INFO: [Vivado 12-5825] Read reference checkpoint from C:/FPGA_2025/xilinx/lab5/lab5.srcs/utils_1/imports/synth_1/LED_manager.dcp for incremental synthesis
INFO: [Vivado 12-7989] Please ensure there are no constraint changes
Command: synth_design -top LED_manager -part xc7a100tcsg324-1
Starting synth_design
Attempting to get a license for feature 'Synthesis' and/or device 'xc7a100t'
INFO: [Common 17-349] Got license for feature 'Synthesis' and/or device 'xc7a100t'
INFO: [Designutils 20-5440] No compile time benefit to using incremental synthesis; A full resynthesis will be run
INFO: [Designutils 20-4379] Flow is switching to default flow due to incremental criteria not met. If you would like to alter this behaviour and have the flow terminate instead, please set the following parameter config_implementation {autoIncr.Synth.RejectBehavior Terminate}
INFO: [Synth 8-7079] Multithreading enabled for synth_design using a maximum of 2 processes.
INFO: [Synth 8-7078] Launching helper process for spawning children vivado processes
INFO: [Synth 8-7075] Helper process launched with PID 24612
---------------------------------------------------------------------------------
Starting Synthesize : Time (s): cpu = 00:00:05 ; elapsed = 00:00:05 . Memory (MB): peak = 826.164 ; gain = 472.652
---------------------------------------------------------------------------------
INFO: [Synth 8-638] synthesizing module 'LED_manager' [C:/FPGA_2025/xilinx/lab5/lab5.srcs/sources_1/imports/xilinx/lab2_concurrent/lab2_concurrent.srcs/sources_1/new/LED_manager.vhd:48]
INFO: [Synth 8-3491] module 'register8' declared at 'C:/FPGA_2025/xilinx/lab5/lab5.srcs/sources_1/imports/xilinx/lab1_resiter8/lab1_resiter8.srcs/sources_1/new/register8.vhd:34' bound to instance 'regCh1' of component 'register8' [C:/FPGA_2025/xilinx/lab5/lab5.srcs/sources_1/imports/xilinx/lab2_concurrent/lab2_concurrent.srcs/sources_1/new/LED_manager.vhd:65]
INFO: [Synth 8-638] synthesizing module 'register8' [C:/FPGA_2025/xilinx/lab5/lab5.srcs/sources_1/imports/xilinx/lab1_resiter8/lab1_resiter8.srcs/sources_1/new/register8.vhd:42]
INFO: [Synth 8-256] done synthesizing module 'register8' (0#1) [C:/FPGA_2025/xilinx/lab5/lab5.srcs/sources_1/imports/xilinx/lab1_resiter8/lab1_resiter8.srcs/sources_1/new/register8.vhd:42]
INFO: [Synth 8-3491] module 'register8' declared at 'C:/FPGA_2025/xilinx/lab5/lab5.srcs/sources_1/imports/xilinx/lab1_resiter8/lab1_resiter8.srcs/sources_1/new/register8.vhd:34' bound to instance 'regCh2' of component 'register8' [C:/FPGA_2025/xilinx/lab5/lab5.srcs/sources_1/imports/xilinx/lab2_concurrent/lab2_concurrent.srcs/sources_1/new/LED_manager.vhd:74]
INFO: [Synth 8-256] done synthesizing module 'LED_manager' (0#1) [C:/FPGA_2025/xilinx/lab5/lab5.srcs/sources_1/imports/xilinx/lab2_concurrent/lab2_concurrent.srcs/sources_1/new/LED_manager.vhd:48]
WARNING: [Synth 8-7129] Port selector in module LED_manager is either unconnected or has no load
---------------------------------------------------------------------------------
Finished Synthesize : Time (s): cpu = 00:00:06 ; elapsed = 00:00:07 . Memory (MB): peak = 930.684 ; gain = 577.172
---------------------------------------------------------------------------------
---------------------------------------------------------------------------------
Finished Constraint Validation : Time (s): cpu = 00:00:07 ; elapsed = 00:00:08 . Memory (MB): peak = 930.684 ; gain = 577.172
---------------------------------------------------------------------------------
---------------------------------------------------------------------------------
Start Loading Part and Timing Information
---------------------------------------------------------------------------------
Loading part: xc7a100tcsg324-1
---------------------------------------------------------------------------------
Finished Loading Part and Timing Information : Time (s): cpu = 00:00:07 ; elapsed = 00:00:08 . Memory (MB): peak = 930.684 ; gain = 577.172
---------------------------------------------------------------------------------
INFO: [Device 21-403] Loading part xc7a100tcsg324-1
---------------------------------------------------------------------------------
Finished RTL Optimization Phase 2 : Time (s): cpu = 00:00:07 ; elapsed = 00:00:08 . Memory (MB): peak = 930.684 ; gain = 577.172
---------------------------------------------------------------------------------
No constraint files found.
---------------------------------------------------------------------------------
Start RTL Component Statistics 
---------------------------------------------------------------------------------
Detailed RTL Component Info : 
+---Registers : 
	                8 Bit    Registers := 3     
---------------------------------------------------------------------------------
Finished RTL Component Statistics 
---------------------------------------------------------------------------------
---------------------------------------------------------------------------------
Start Part Resource Summary
---------------------------------------------------------------------------------
Part Resources:
DSPs: 240 (col length:80)
BRAMs: 270 (col length: RAMB18 80 RAMB36 40)
---------------------------------------------------------------------------------
Finished Part Resource Summary
---------------------------------------------------------------------------------
No constraint files found.
---------------------------------------------------------------------------------
Start Cross Boundary and Area Optimization
---------------------------------------------------------------------------------
WARNING: [Synth 8-7080] Parallel synthesis criteria is not met
WARNING: [Synth 8-7129] Port Channel_2_data[7] in module LED_manager is either unconnected or has no load
WARNING: [Synth 8-7129] Port Channel_2_data[6] in module LED_manager is either unconnected or has no load
WARNING: [Synth 8-7129] Port Channel_2_data[5] in module LED_manager is either unconnected or has no load
WARNING: [Synth 8-7129] Port Channel_2_data[4] in module LED_manager is either unconnected or has no load
WARNING: [Synth 8-7129] Port Channel_2_data[3] in module LED_manager is either unconnected or has no load
WARNING: [Synth 8-7129] Port Channel_2_data[2] in module LED_manager is either unconnected or has no load
WARNING: [Synth 8-7129] Port Channel_2_data[1] in module LED_manager is either unconnected or has no load
WARNING: [Synth 8-7129] Port Channel_2_data[0] in module LED_manager is either unconnected or has no load
WARNING: [Synth 8-7129] Port Channel_2_enable in module LED_manager is either unconnected or has no load
WARNING: [Synth 8-7129] Port selector in module LED_manager is either unconnected or has no load
---------------------------------------------------------------------------------
Finished Cross Boundary and Area Optimization : Time (s): cpu = 00:00:11 ; elapsed = 00:00:12 . Memory (MB): peak = 1077.082 ; gain = 723.570
---------------------------------------------------------------------------------
No constraint files found.
---------------------------------------------------------------------------------
Start Timing Optimization
---------------------------------------------------------------------------------
---------------------------------------------------------------------------------
Finished Timing Optimization : Time (s): cpu = 00:00:11 ; elapsed = 00:00:12 . Memory (MB): peak = 1101.965 ; gain = 748.453
---------------------------------------------------------------------------------
---------------------------------------------------------------------------------
Start Technology Mapping
---------------------------------------------------------------------------------
---------------------------------------------------------------------------------
Finished Technology Mapping : Time (s): cpu = 00:00:11 ; elapsed = 00:00:12 . Memory (MB): peak = 1101.965 ; gain = 748.453
---------------------------------------------------------------------------------
---------------------------------------------------------------------------------
Start IO Insertion
---------------------------------------------------------------------------------
---------------------------------------------------------------------------------
Start Flattening Before IO Insertion
---------------------------------------------------------------------------------
---------------------------------------------------------------------------------
Finished Flattening Before IO Insertion
---------------------------------------------------------------------------------
---------------------------------------------------------------------------------
Start Final Netlist Cleanup
---------------------------------------------------------------------------------
---------------------------------------------------------------------------------
Finished Final Netlist Cleanup
---------------------------------------------------------------------------------
---------------------------------------------------------------------------------
Finished IO Insertion : Time (s): cpu = 00:00:15 ; elapsed = 00:00:16 . Memory (MB): peak = 1304.004 ; gain = 950.492
---------------------------------------------------------------------------------
---------------------------------------------------------------------------------
Start Renaming Generated Instances
---------------------------------------------------------------------------------
---------------------------------------------------------------------------------
Finished Renaming Generated Instances : Time (s): cpu = 00:00:15 ; elapsed = 00:00:16 . Memory (MB): peak = 1304.004 ; gain = 950.492
---------------------------------------------------------------------------------
---------------------------------------------------------------------------------
Start Rebuilding User Hierarchy
---------------------------------------------------------------------------------
---------------------------------------------------------------------------------
Finished Rebuilding User Hierarchy : Time (s): cpu = 00:00:15 ; elapsed = 00:00:16 . Memory (MB): peak = 1304.004 ; gain = 950.492
---------------------------------------------------------------------------------
---------------------------------------------------------------------------------
Start Renaming Generated Ports
---------------------------------------------------------------------------------
---------------------------------------------------------------------------------
Finished Renaming Generated Ports : Time (s): cpu = 00:00:15 ; elapsed = 00:00:16 . Memory (MB): peak = 1304.004 ; gain = 950.492
---------------------------------------------------------------------------------
---------------------------------------------------------------------------------
Start Handling Custom Attributes
---------------------------------------------------------------------------------
---------------------------------------------------------------------------------
Finished Handling Custom Attributes : Time (s): cpu = 00:00:15 ; elapsed = 00:00:16 . Memory (MB): peak = 1304.004 ; gain = 950.492
---------------------------------------------------------------------------------
---------------------------------------------------------------------------------
Start Renaming Generated Nets
---------------------------------------------------------------------------------
---------------------------------------------------------------------------------
Finished Renaming Generated Nets : Time (s): cpu = 00:00:15 ; elapsed = 00:00:16 . Memory (MB): peak = 1304.004 ; gain = 950.492
---------------------------------------------------------------------------------
---------------------------------------------------------------------------------
Start Writing Synthesis Report
---------------------------------------------------------------------------------

Report BlackBoxes: 
+-+--------------+----------+
| |BlackBox name |Instances |
+-+--------------+----------+
+-+--------------+----------+

Report Cell Usage: 
+------+-----+------+
|      |Cell |Count |
+------+-----+------+
|1     |BUFG |     1|
|2     |FDRE |    16|
|3     |IBUF |    11|
|4     |OBUF |     8|
+------+-----+------+

Report Instance Areas: 
+------+---------+----------+------+
|      |Instance |Module    |Cells |
+------+---------+----------+------+
|1     |top      |          |    36|
|2     |  regCh1 |register8 |     8|
+------+---------+----------+------+
---------------------------------------------------------------------------------
Finished Writing Synthesis Report : Time (s): cpu = 00:00:15 ; elapsed = 00:00:16 . Memory (MB): peak = 1304.004 ; gain = 950.492
---------------------------------------------------------------------------------
Synthesis finished with 0 errors, 0 critical warnings and 12 warnings.
Synthesis Optimization Runtime : Time (s): cpu = 00:00:15 ; elapsed = 00:00:16 . Memory (MB): peak = 1304.004 ; gain = 950.492
Synthesis Optimization Complete : Time (s): cpu = 00:00:15 ; elapsed = 00:00:16 . Memory (MB): peak = 1304.004 ; gain = 950.492
INFO: [Project 1-571] Translating synthesized netlist
Netlist sorting complete. Time (s): cpu = 00:00:00 ; elapsed = 00:00:00 . Memory (MB): peak = 1319.090 ; gain = 0.000
INFO: [Project 1-570] Preparing netlist for logic optimization
INFO: [Opt 31-138] Pushed 0 inverter(s) to 0 load pin(s).
Netlist sorting complete. Time (s): cpu = 00:00:00 ; elapsed = 00:00:00 . Memory (MB): peak = 1432.879 ; gain = 0.000
INFO: [Project 1-111] Unisim Transformation Summary:
No Unisim elements were transformed.

Synth Design complete | Checksum: 3de7ea7a
INFO: [Common 17-83] Releasing license: Synthesis
20 Infos, 12 Warnings, 0 Critical Warnings and 0 Errors encountered.
synth_design completed successfully
synth_design: Time (s): cpu = 00:00:17 ; elapsed = 00:00:20 . Memory (MB): peak = 1432.879 ; gain = 1085.301
Write ShapeDB Complete: Time (s): cpu = 00:00:00 ; elapsed = 00:00:00.003 . Memory (MB): peak = 1432.879 ; gain = 0.000
INFO: [Common 17-1381] The checkpoint 'C:/FPGA_2025/xilinx/lab5/lab5.runs/synth_1/LED_manager.dcp' has been generated.
INFO: [Vivado 12-24828] Executing command : report_utilization -file LED_manager_utilization_synth.rpt -pb LED_manager_utilization_synth.pb
INFO: [Common 17-206] Exiting Vivado at Sun Mar 23 20:45:19 2025...
