
*** Running vivado
    with args -log lab20_2_bd_wrapper.vdi -applog -m64 -product Vivado -messageDb vivado.pb -mode batch -source lab20_2_bd_wrapper.tcl -notrace



****** Vivado v2024.2 (64-bit)
  **** SW Build 5239630 on Fri Nov 08 22:35:27 MST 2024
  **** IP Build 5239520 on Sun Nov 10 16:12:51 MST 2024
  **** SharedData Build 5239561 on Fri Nov 08 14:39:27 MST 2024
  **** Start of session at: Thu Mar 20 22:40:39 2025
    ** Copyright 1986-2022 Xilinx, Inc. All Rights Reserved.
    ** Copyright 2022-2024 Advanced Micro Devices, Inc. All Rights Reserved.

source lab20_2_bd_wrapper.tcl -notrace
INFO: [IP_Flow 19-234] Refreshing IP repositories
INFO: [IP_Flow 19-1704] No user IP repositories specified
INFO: [IP_Flow 19-2313] Loaded Vivado IP repository 'C:/Xilinx/Downloads/Vivado/2024.2/data/ip'.
Command: link_design -top lab20_2_bd_wrapper -part xc7a100tcsg324-1
Design is defaulting to srcset: sources_1
Design is defaulting to constrset: constrs_1
INFO: [Device 21-403] Loading part xc7a100tcsg324-1
INFO: [Project 1-454] Reading design checkpoint 'c:/FPGA/logtel/lab20_axi_2/lab20_axi_2.gen/sources_1/bd/lab20_2_bd/ip/lab20_2_bd_axi_smc_3/lab20_2_bd_axi_smc_3.dcp' for cell 'lab20_2_bd_i/axi_smc'
INFO: [Project 1-454] Reading design checkpoint 'c:/FPGA/logtel/lab20_axi_2/lab20_axi_2.gen/sources_1/bd/lab20_2_bd/ip/lab20_2_bd_axi_uartlite_0_1/lab20_2_bd_axi_uartlite_0_1.dcp' for cell 'lab20_2_bd_i/axi_uartlite_0'
INFO: [Project 1-454] Reading design checkpoint 'c:/FPGA/logtel/lab20_axi_2/lab20_axi_2.gen/sources_1/bd/lab20_2_bd/ip/lab20_2_bd_clk_wiz_2/lab20_2_bd_clk_wiz_2.dcp' for cell 'lab20_2_bd_i/clk_wiz'
INFO: [Project 1-454] Reading design checkpoint 'c:/FPGA/logtel/lab20_axi_2/lab20_axi_2.gen/sources_1/bd/lab20_2_bd/ip/lab20_2_bd_jtag_axi_0_1/lab20_2_bd_jtag_axi_0_1.dcp' for cell 'lab20_2_bd_i/jtag_axi_0'
INFO: [Project 1-454] Reading design checkpoint 'c:/FPGA/logtel/lab20_axi_2/lab20_axi_2.gen/sources_1/bd/lab20_2_bd/ip/lab20_2_bd_reset_inv_0_0/lab20_2_bd_reset_inv_0_0.dcp' for cell 'lab20_2_bd_i/reset_inv_0'
INFO: [Project 1-454] Reading design checkpoint 'c:/FPGA/logtel/lab20_axi_2/lab20_axi_2.gen/sources_1/bd/lab20_2_bd/ip/lab20_2_bd_rst_clk_wiz_100M_2/lab20_2_bd_rst_clk_wiz_100M_2.dcp' for cell 'lab20_2_bd_i/rst_clk_wiz_100M'
Netlist sorting complete. Time (s): cpu = 00:00:00 ; elapsed = 00:00:00.294 . Memory (MB): peak = 616.195 ; gain = 0.000
INFO: [Netlist 29-17] Analyzing 49 Unisim elements for replacement
INFO: [Netlist 29-28] Unisim Transformation completed in 0 CPU seconds
INFO: [Project 1-479] Netlist was created with Vivado 2024.2
INFO: [Project 1-570] Preparing netlist for logic optimization
INFO: [Chipscope 16-324] Core: lab20_2_bd_i/jtag_axi_0 UUID: a980947f-2511-5f8c-b3a1-b4472227b51d 
Parsing XDC File [c:/FPGA/logtel/lab20_axi_2/lab20_axi_2.gen/sources_1/bd/lab20_2_bd/ip/lab20_2_bd_axi_uartlite_0_1/lab20_2_bd_axi_uartlite_0_1_board.xdc] for cell 'lab20_2_bd_i/axi_uartlite_0/U0'
Finished Parsing XDC File [c:/FPGA/logtel/lab20_axi_2/lab20_axi_2.gen/sources_1/bd/lab20_2_bd/ip/lab20_2_bd_axi_uartlite_0_1/lab20_2_bd_axi_uartlite_0_1_board.xdc] for cell 'lab20_2_bd_i/axi_uartlite_0/U0'
Parsing XDC File [c:/FPGA/logtel/lab20_axi_2/lab20_axi_2.gen/sources_1/bd/lab20_2_bd/ip/lab20_2_bd_axi_uartlite_0_1/lab20_2_bd_axi_uartlite_0_1.xdc] for cell 'lab20_2_bd_i/axi_uartlite_0/U0'
Finished Parsing XDC File [c:/FPGA/logtel/lab20_axi_2/lab20_axi_2.gen/sources_1/bd/lab20_2_bd/ip/lab20_2_bd_axi_uartlite_0_1/lab20_2_bd_axi_uartlite_0_1.xdc] for cell 'lab20_2_bd_i/axi_uartlite_0/U0'
Parsing XDC File [c:/FPGA/logtel/lab20_axi_2/lab20_axi_2.gen/sources_1/bd/lab20_2_bd/ip/lab20_2_bd_jtag_axi_0_1/constraints/jtag_axi.xdc] for cell 'lab20_2_bd_i/jtag_axi_0/U0'
Finished Parsing XDC File [c:/FPGA/logtel/lab20_axi_2/lab20_axi_2.gen/sources_1/bd/lab20_2_bd/ip/lab20_2_bd_jtag_axi_0_1/constraints/jtag_axi.xdc] for cell 'lab20_2_bd_i/jtag_axi_0/U0'
Parsing XDC File [c:/FPGA/logtel/lab20_axi_2/lab20_axi_2.gen/sources_1/bd/lab20_2_bd/ip/lab20_2_bd_axi_smc_3/bd_0/ip/ip_1/bd_fbbb_psr_aclk_0_board.xdc] for cell 'lab20_2_bd_i/axi_smc/inst/clk_map/psr_aclk/U0'
Finished Parsing XDC File [c:/FPGA/logtel/lab20_axi_2/lab20_axi_2.gen/sources_1/bd/lab20_2_bd/ip/lab20_2_bd_axi_smc_3/bd_0/ip/ip_1/bd_fbbb_psr_aclk_0_board.xdc] for cell 'lab20_2_bd_i/axi_smc/inst/clk_map/psr_aclk/U0'
Parsing XDC File [c:/FPGA/logtel/lab20_axi_2/lab20_axi_2.gen/sources_1/bd/lab20_2_bd/ip/lab20_2_bd_axi_smc_3/bd_0/ip/ip_1/bd_fbbb_psr_aclk_0.xdc] for cell 'lab20_2_bd_i/axi_smc/inst/clk_map/psr_aclk/U0'
Finished Parsing XDC File [c:/FPGA/logtel/lab20_axi_2/lab20_axi_2.gen/sources_1/bd/lab20_2_bd/ip/lab20_2_bd_axi_smc_3/bd_0/ip/ip_1/bd_fbbb_psr_aclk_0.xdc] for cell 'lab20_2_bd_i/axi_smc/inst/clk_map/psr_aclk/U0'
Parsing XDC File [c:/FPGA/logtel/lab20_axi_2/lab20_axi_2.gen/sources_1/bd/lab20_2_bd/ip/lab20_2_bd_axi_smc_3/smartconnect.xdc] for cell 'lab20_2_bd_i/axi_smc/inst'
Finished Parsing XDC File [c:/FPGA/logtel/lab20_axi_2/lab20_axi_2.gen/sources_1/bd/lab20_2_bd/ip/lab20_2_bd_axi_smc_3/smartconnect.xdc] for cell 'lab20_2_bd_i/axi_smc/inst'
Parsing XDC File [c:/FPGA/logtel/lab20_axi_2/lab20_axi_2.gen/sources_1/bd/lab20_2_bd/ip/lab20_2_bd_clk_wiz_2/lab20_2_bd_clk_wiz_2_board.xdc] for cell 'lab20_2_bd_i/clk_wiz/inst'
Finished Parsing XDC File [c:/FPGA/logtel/lab20_axi_2/lab20_axi_2.gen/sources_1/bd/lab20_2_bd/ip/lab20_2_bd_clk_wiz_2/lab20_2_bd_clk_wiz_2_board.xdc] for cell 'lab20_2_bd_i/clk_wiz/inst'
Parsing XDC File [c:/FPGA/logtel/lab20_axi_2/lab20_axi_2.gen/sources_1/bd/lab20_2_bd/ip/lab20_2_bd_clk_wiz_2/lab20_2_bd_clk_wiz_2.xdc] for cell 'lab20_2_bd_i/clk_wiz/inst'
INFO: [Timing 38-35] Done setting XDC timing constraints. [c:/FPGA/logtel/lab20_axi_2/lab20_axi_2.gen/sources_1/bd/lab20_2_bd/ip/lab20_2_bd_clk_wiz_2/lab20_2_bd_clk_wiz_2.xdc:54]
INFO: [Timing 38-2] Deriving generated clocks [c:/FPGA/logtel/lab20_axi_2/lab20_axi_2.gen/sources_1/bd/lab20_2_bd/ip/lab20_2_bd_clk_wiz_2/lab20_2_bd_clk_wiz_2.xdc:54]
get_clocks: Time (s): cpu = 00:00:13 ; elapsed = 00:00:16 . Memory (MB): peak = 1332.406 ; gain = 578.406
Finished Parsing XDC File [c:/FPGA/logtel/lab20_axi_2/lab20_axi_2.gen/sources_1/bd/lab20_2_bd/ip/lab20_2_bd_clk_wiz_2/lab20_2_bd_clk_wiz_2.xdc] for cell 'lab20_2_bd_i/clk_wiz/inst'
Parsing XDC File [c:/FPGA/logtel/lab20_axi_2/lab20_axi_2.gen/sources_1/bd/lab20_2_bd/ip/lab20_2_bd_rst_clk_wiz_100M_2/lab20_2_bd_rst_clk_wiz_100M_2_board.xdc] for cell 'lab20_2_bd_i/rst_clk_wiz_100M/U0'
CRITICAL WARNING: [Vivado 12-1411] Cannot set LOC property of ports, Cannot set PACKAGE_PIN property of ports,  port reset_1 can not be placed on PACKAGE_PIN C12 because the PACKAGE_PIN is occupied by port aresetn. Please note that for projects targeting board parts, user LOC constraints cannot override constraints provided with the board. [c:/FPGA/logtel/lab20_axi_2/lab20_axi_2.gen/sources_1/bd/lab20_2_bd/ip/lab20_2_bd_rst_clk_wiz_100M_2/lab20_2_bd_rst_clk_wiz_100M_2_board.xdc:3]
Finished Parsing XDC File [c:/FPGA/logtel/lab20_axi_2/lab20_axi_2.gen/sources_1/bd/lab20_2_bd/ip/lab20_2_bd_rst_clk_wiz_100M_2/lab20_2_bd_rst_clk_wiz_100M_2_board.xdc] for cell 'lab20_2_bd_i/rst_clk_wiz_100M/U0'
Parsing XDC File [c:/FPGA/logtel/lab20_axi_2/lab20_axi_2.gen/sources_1/bd/lab20_2_bd/ip/lab20_2_bd_rst_clk_wiz_100M_2/lab20_2_bd_rst_clk_wiz_100M_2.xdc] for cell 'lab20_2_bd_i/rst_clk_wiz_100M/U0'
Finished Parsing XDC File [c:/FPGA/logtel/lab20_axi_2/lab20_axi_2.gen/sources_1/bd/lab20_2_bd/ip/lab20_2_bd_rst_clk_wiz_100M_2/lab20_2_bd_rst_clk_wiz_100M_2.xdc] for cell 'lab20_2_bd_i/rst_clk_wiz_100M/U0'
Parsing XDC File [C:/FPGA/logtel/lab20_axi_2/bh_llb.xdc]
Finished Parsing XDC File [C:/FPGA/logtel/lab20_axi_2/bh_llb.xdc]
INFO: [Project 1-1714] 22 XPM XDC files have been applied to the design.
INFO: [Opt 31-138] Pushed 0 inverter(s) to 0 load pin(s).
Netlist sorting complete. Time (s): cpu = 00:00:00 ; elapsed = 00:00:00.003 . Memory (MB): peak = 1332.406 ; gain = 0.000
INFO: [Project 1-111] Unisim Transformation Summary:
  A total of 44 instances were transformed.
  RAM64M => RAM64M (RAMD64E(x4)): 44 instances

20 Infos, 0 Warnings, 1 Critical Warnings and 0 Errors encountered.
link_design completed successfully
link_design: Time (s): cpu = 00:00:27 ; elapsed = 00:00:33 . Memory (MB): peak = 1332.406 ; gain = 957.840
Command: opt_design
Attempting to get a license for feature 'Implementation' and/or device 'xc7a100t'
INFO: [Common 17-349] Got license for feature 'Implementation' and/or device 'xc7a100t'
Running DRC as a precondition to command opt_design

Starting DRC Task
INFO: [DRC 23-27] Running DRC with 2 threads
INFO: [Project 1-461] DRC finished with 0 Errors
INFO: [Project 1-462] Please refer to the DRC report (report_drc) for more information.

Time (s): cpu = 00:00:05 ; elapsed = 00:00:04 . Memory (MB): peak = 1332.406 ; gain = 0.000

Starting Cache Timing Information Task
INFO: [Timing 38-35] Done setting XDC timing constraints.
Ending Cache Timing Information Task | Checksum: 24dfc38e2

Time (s): cpu = 00:00:01 ; elapsed = 00:00:00.367 . Memory (MB): peak = 1332.406 ; gain = 0.000

Starting Logic Optimization Task

Phase 1 Initialization

Phase 1.1 Core Generation And Design Setup

Phase 1.1.1 Generate And Synthesize Debug Cores
INFO: [Chipscope 16-329] Generating Script for core instance : dbg_hub 
INFO: [IP_Flow 19-3806] Processing IP xilinx.com:ip:xsdbm:3.0 for cell dbg_hub_CV.
INFO: [Chipscope 16-469] Using cached IP synthesis design for IP xilinx.com:ip:xsdbm:3.0, cache-ID = 4e1f155e41d6a517.
Done building netlist checker database: Time (s): cpu = 00:00:00 ; elapsed = 00:00:00.004 . Memory (MB): peak = 1733.285 ; gain = 0.000
Netlist sorting complete. Time (s): cpu = 00:00:00 ; elapsed = 00:00:00.045 . Memory (MB): peak = 1733.285 ; gain = 0.000
Phase 1.1.1 Generate And Synthesize Debug Cores | Checksum: 1ed8d8110

Time (s): cpu = 00:00:02 ; elapsed = 00:00:41 . Memory (MB): peak = 1733.285 ; gain = 22.336
Phase 1.1 Core Generation And Design Setup | Checksum: 1ed8d8110

Time (s): cpu = 00:00:02 ; elapsed = 00:00:41 . Memory (MB): peak = 1733.285 ; gain = 22.336

Phase 1.2 Setup Constraints And Sort Netlist
Phase 1.2 Setup Constraints And Sort Netlist | Checksum: 1ed8d8110

Time (s): cpu = 00:00:02 ; elapsed = 00:00:41 . Memory (MB): peak = 1733.285 ; gain = 22.336
Phase 1 Initialization | Checksum: 1ed8d8110

Time (s): cpu = 00:00:02 ; elapsed = 00:00:41 . Memory (MB): peak = 1733.285 ; gain = 22.336

Phase 2 Timer Update And Timing Data Collection

Phase 2.1 Timer Update
Phase 2.1 Timer Update | Checksum: 1ed8d8110

Time (s): cpu = 00:00:02 ; elapsed = 00:00:42 . Memory (MB): peak = 1733.285 ; gain = 22.336

Phase 2.2 Timing Data Collection
Phase 2.2 Timing Data Collection | Checksum: 1ed8d8110

Time (s): cpu = 00:00:02 ; elapsed = 00:00:42 . Memory (MB): peak = 1733.285 ; gain = 22.336
Phase 2 Timer Update And Timing Data Collection | Checksum: 1ed8d8110

Time (s): cpu = 00:00:02 ; elapsed = 00:00:42 . Memory (MB): peak = 1733.285 ; gain = 22.336

Phase 3 Retarget
INFO: [Opt 31-1851] Number of loadless carry chains removed were: 0
INFO: [Opt 31-1834] Total Chains To Be Transformed Were: 0 AND Number of Transformed insts Created are: 0
INFO: [Opt 31-138] Pushed 11 inverter(s) to 42 load pin(s).
INFO: [Opt 31-49] Retargeted 0 cell(s).
Phase 3 Retarget | Checksum: 1df1851fc

Time (s): cpu = 00:00:03 ; elapsed = 00:00:42 . Memory (MB): peak = 1733.285 ; gain = 22.336
Retarget | Checksum: 1df1851fc
INFO: [Opt 31-389] Phase Retarget created 2 cells and removed 23 cells
INFO: [Opt 31-1021] In phase Retarget, 71 netlist objects are constrained preventing optimization. Please run opt_design with -debug_log to get more detail. 

Phase 4 Constant propagation
INFO: [Opt 31-138] Pushed 0 inverter(s) to 0 load pin(s).
Phase 4 Constant propagation | Checksum: 1e115acbc

Time (s): cpu = 00:00:03 ; elapsed = 00:00:42 . Memory (MB): peak = 1733.285 ; gain = 22.336
Constant propagation | Checksum: 1e115acbc
INFO: [Opt 31-389] Phase Constant propagation created 1 cells and removed 56 cells
INFO: [Opt 31-1021] In phase Constant propagation, 69 netlist objects are constrained preventing optimization. Please run opt_design with -debug_log to get more detail. 

Phase 5 Sweep
INFO: [Constraints 18-11670] Building netlist checker database with flags, 0x8
Done building netlist checker database: Time (s): cpu = 00:00:00 ; elapsed = 00:00:00.005 . Memory (MB): peak = 1733.285 ; gain = 0.000
INFO: [Constraints 18-11670] Building netlist checker database with flags, 0x8
Done building netlist checker database: Time (s): cpu = 00:00:00 ; elapsed = 00:00:00.003 . Memory (MB): peak = 1733.285 ; gain = 0.000
Phase 5 Sweep | Checksum: 26ccc836e

Time (s): cpu = 00:00:04 ; elapsed = 00:00:43 . Memory (MB): peak = 1733.285 ; gain = 22.336
Sweep | Checksum: 26ccc836e
INFO: [Opt 31-389] Phase Sweep created 0 cells and removed 597 cells
INFO: [Opt 31-1021] In phase Sweep, 936 netlist objects are constrained preventing optimization. Please run opt_design with -debug_log to get more detail. 

Phase 6 BUFG optimization
Phase 6 BUFG optimization | Checksum: 26ccc836e

Time (s): cpu = 00:00:04 ; elapsed = 00:00:43 . Memory (MB): peak = 1733.285 ; gain = 22.336
BUFG optimization | Checksum: 26ccc836e
INFO: [Opt 31-662] Phase BUFG optimization created 0 cells of which 0 are BUFGs and removed 0 cells.

Phase 7 Shift Register Optimization
INFO: [Opt 31-1064] SRL Remap converted 0 SRLs to 0 registers and converted 0 registers of register chains to 0 SRLs
Phase 7 Shift Register Optimization | Checksum: 26ccc836e

Time (s): cpu = 00:00:04 ; elapsed = 00:00:43 . Memory (MB): peak = 1733.285 ; gain = 22.336
Shift Register Optimization | Checksum: 26ccc836e
INFO: [Opt 31-389] Phase Shift Register Optimization created 0 cells and removed 0 cells

Phase 8 Post Processing Netlist
Phase 8 Post Processing Netlist | Checksum: 26ccc836e

Time (s): cpu = 00:00:04 ; elapsed = 00:00:43 . Memory (MB): peak = 1733.285 ; gain = 22.336
Post Processing Netlist | Checksum: 26ccc836e
INFO: [Opt 31-389] Phase Post Processing Netlist created 0 cells and removed 0 cells
INFO: [Opt 31-1021] In phase Post Processing Netlist, 92 netlist objects are constrained preventing optimization. Please run opt_design with -debug_log to get more detail. 

Phase 9 Finalization

Phase 9.1 Finalizing Design Cores and Updating Shapes
Phase 9.1 Finalizing Design Cores and Updating Shapes | Checksum: 2e403d9ce

Time (s): cpu = 00:00:04 ; elapsed = 00:00:43 . Memory (MB): peak = 1733.285 ; gain = 22.336

Phase 9.2 Verifying Netlist Connectivity

Starting Connectivity Check Task

Time (s): cpu = 00:00:00 ; elapsed = 00:00:00.025 . Memory (MB): peak = 1733.285 ; gain = 0.000
Phase 9.2 Verifying Netlist Connectivity | Checksum: 2e403d9ce

Time (s): cpu = 00:00:04 ; elapsed = 00:00:43 . Memory (MB): peak = 1733.285 ; gain = 22.336
Phase 9 Finalization | Checksum: 2e403d9ce

Time (s): cpu = 00:00:04 ; elapsed = 00:00:43 . Memory (MB): peak = 1733.285 ; gain = 22.336
Opt_design Change Summary
=========================


-------------------------------------------------------------------------------------------------------------------------
|  Phase                        |  #Cells created  |  #Cells Removed  |  #Constrained objects preventing optimizations  |
-------------------------------------------------------------------------------------------------------------------------
|  Retarget                     |               2  |              23  |                                             71  |
|  Constant propagation         |               1  |              56  |                                             69  |
|  Sweep                        |               0  |             597  |                                            936  |
|  BUFG optimization            |               0  |               0  |                                              0  |
|  Shift Register Optimization  |               0  |               0  |                                              0  |
|  Post Processing Netlist      |               0  |               0  |                                             92  |
-------------------------------------------------------------------------------------------------------------------------


Ending Logic Optimization Task | Checksum: 2e403d9ce

Time (s): cpu = 00:00:04 ; elapsed = 00:00:43 . Memory (MB): peak = 1733.285 ; gain = 22.336

Starting Power Optimization Task
INFO: [Pwropt 34-132] Skipping clock gating for clocks with a period < 2.00 ns.
INFO: [Pwropt 34-9] Applying IDT optimizations ...
INFO: [Pwropt 34-10] Applying ODC optimizations ...
INFO: [Timing 38-35] Done setting XDC timing constraints.
Running Vector-less Activity Propagation...

Finished Running Vector-less Activity Propagation


Starting PowerOpt Patch Enables Task
INFO: [Pwropt 34-162] WRITE_MODE attribute of 0 BRAM(s) out of a total of 3 has been updated to save power. Run report_power_opt to get a complete listing of the BRAMs updated.
INFO: [Pwropt 34-201] Structural ODC has moved 0 WE to EN ports
Number of BRAM Ports augmented: 4 newly gated: 0 Total Ports: 6
Number of Flops added for Enable Generation: 6

Ending PowerOpt Patch Enables Task | Checksum: 236df0574

Time (s): cpu = 00:00:00 ; elapsed = 00:00:00.104 . Memory (MB): peak = 1864.645 ; gain = 0.000
Ending Power Optimization Task | Checksum: 236df0574

Time (s): cpu = 00:00:03 ; elapsed = 00:00:03 . Memory (MB): peak = 1864.645 ; gain = 131.359

Starting Final Cleanup Task

Starting Logic Optimization Task
INFO: [Timing 38-35] Done setting XDC timing constraints.
Ending Logic Optimization Task | Checksum: 1b49071a3

Time (s): cpu = 00:00:00 ; elapsed = 00:00:00.740 . Memory (MB): peak = 1864.645 ; gain = 0.000
Ending Final Cleanup Task | Checksum: 1b49071a3

Time (s): cpu = 00:00:08 ; elapsed = 00:00:09 . Memory (MB): peak = 1864.645 ; gain = 0.000
Parsing XDC File [c:/FPGA/logtel/lab20_axi_2/lab20_axi_2.gen/sources_1/bd/lab20_2_bd/ip/lab20_2_bd_jtag_axi_0_1/constraints/lab20_2_bd_jtag_axi_0_1_impl.xdc] from IP C:/FPGA/logtel/lab20_axi_2/lab20_axi_2.srcs/sources_1/bd/lab20_2_bd/ip/lab20_2_bd_jtag_axi_0_1/lab20_2_bd_jtag_axi_0_1.xci
Parsing XDC File [c:/FPGA/logtel/lab20_axi_2/lab20_axi_2.gen/sources_1/bd/lab20_2_bd/ip/lab20_2_bd_jtag_axi_0_1/constraints/lab20_2_bd_jtag_axi_0_1_impl.xdc] for cell 'lab20_2_bd_i/jtag_axi_0/U0'
INFO: [Timing 38-35] Done setting XDC timing constraints. [c:/FPGA/logtel/lab20_axi_2/lab20_axi_2.gen/sources_1/bd/lab20_2_bd/ip/lab20_2_bd_jtag_axi_0_1/constraints/lab20_2_bd_jtag_axi_0_1_impl.xdc:69]
Finished Parsing XDC File [c:/FPGA/logtel/lab20_axi_2/lab20_axi_2.gen/sources_1/bd/lab20_2_bd/ip/lab20_2_bd_jtag_axi_0_1/constraints/lab20_2_bd_jtag_axi_0_1_impl.xdc] for cell 'lab20_2_bd_i/jtag_axi_0/U0'

Starting Netlist Obfuscation Task
Netlist sorting complete. Time (s): cpu = 00:00:00 ; elapsed = 00:00:00.003 . Memory (MB): peak = 1864.645 ; gain = 0.000
Ending Netlist Obfuscation Task | Checksum: 1b49071a3

Time (s): cpu = 00:00:00 ; elapsed = 00:00:00.005 . Memory (MB): peak = 1864.645 ; gain = 0.000
INFO: [Common 17-83] Releasing license: Implementation
59 Infos, 0 Warnings, 1 Critical Warnings and 0 Errors encountered.
opt_design completed successfully
opt_design: Time (s): cpu = 00:00:28 ; elapsed = 00:01:07 . Memory (MB): peak = 1864.645 ; gain = 532.238
INFO: [Vivado 12-24828] Executing command : report_drc -file lab20_2_bd_wrapper_drc_opted.rpt -pb lab20_2_bd_wrapper_drc_opted.pb -rpx lab20_2_bd_wrapper_drc_opted.rpx
Command: report_drc -file lab20_2_bd_wrapper_drc_opted.rpt -pb lab20_2_bd_wrapper_drc_opted.pb -rpx lab20_2_bd_wrapper_drc_opted.rpx
INFO: [IP_Flow 19-1839] IP Catalog is up to date.
INFO: [DRC 23-27] Running DRC with 2 threads
INFO: [Vivado_Tcl 2-168] The results of DRC are in file C:/FPGA/logtel/lab20_axi_2/lab20_axi_2.runs/impl_1/lab20_2_bd_wrapper_drc_opted.rpt.
report_drc completed successfully
INFO: [Timing 38-480] Writing timing data to binary archive.
Write ShapeDB Complete: Time (s): cpu = 00:00:00 ; elapsed = 00:00:00.017 . Memory (MB): peak = 1864.645 ; gain = 0.000
Wrote PlaceDB: Time (s): cpu = 00:00:00 ; elapsed = 00:00:00.002 . Memory (MB): peak = 1864.645 ; gain = 0.000
Wrote PulsedLatchDB: Time (s): cpu = 00:00:00 ; elapsed = 00:00:00 . Memory (MB): peak = 1864.645 ; gain = 0.000
Writing XDEF routing.
Writing XDEF routing logical nets.
Writing XDEF routing special nets.
Wrote RouteStorage: Time (s): cpu = 00:00:00 ; elapsed = 00:00:00.067 . Memory (MB): peak = 1864.645 ; gain = 0.000
Wrote Netlist Cache: Time (s): cpu = 00:00:00 ; elapsed = 00:00:00 . Memory (MB): peak = 1864.645 ; gain = 0.000
Wrote Device Cache: Time (s): cpu = 00:00:00 ; elapsed = 00:00:00.025 . Memory (MB): peak = 1864.645 ; gain = 0.000
Write Physdb Complete: Time (s): cpu = 00:00:00 ; elapsed = 00:00:00.117 . Memory (MB): peak = 1864.645 ; gain = 0.000
INFO: [Common 17-1381] The checkpoint 'C:/FPGA/logtel/lab20_axi_2/lab20_axi_2.runs/impl_1/lab20_2_bd_wrapper_opt.dcp' has been generated.
INFO: [Chipscope 16-240] Debug cores have already been implemented
Command: place_design
Attempting to get a license for feature 'Implementation' and/or device 'xc7a100t'
INFO: [Common 17-349] Got license for feature 'Implementation' and/or device 'xc7a100t'
INFO: [Common 17-83] Releasing license: Implementation
INFO: [DRC 23-27] Running DRC with 2 threads
INFO: [Vivado_Tcl 4-198] DRC finished with 0 Errors
INFO: [Vivado_Tcl 4-199] Please refer to the DRC report (report_drc) for more information.
Running DRC as a precondition to command place_design
INFO: [DRC 23-27] Running DRC with 2 threads
INFO: [Vivado_Tcl 4-198] DRC finished with 0 Errors
INFO: [Vivado_Tcl 4-199] Please refer to the DRC report (report_drc) for more information.
INFO: [Place 30-611] Multithreading enabled for place_design using a maximum of 2 CPUs

Starting Placer Task

Phase 1 Placer Initialization

Phase 1.1 Placer Initialization Netlist Sorting
Netlist sorting complete. Time (s): cpu = 00:00:00 ; elapsed = 00:00:00.004 . Memory (MB): peak = 1864.645 ; gain = 0.000
Phase 1.1 Placer Initialization Netlist Sorting | Checksum: 199932a84

Time (s): cpu = 00:00:00 ; elapsed = 00:00:00.018 . Memory (MB): peak = 1864.645 ; gain = 0.000
Netlist sorting complete. Time (s): cpu = 00:00:00 ; elapsed = 00:00:00.008 . Memory (MB): peak = 1864.645 ; gain = 0.000

Phase 1.2 IO Placement/ Clock Placement/ Build Placer Device
Phase 1.2 IO Placement/ Clock Placement/ Build Placer Device | Checksum: 18d45cffc

Time (s): cpu = 00:00:01 ; elapsed = 00:00:00.794 . Memory (MB): peak = 1864.645 ; gain = 0.000

Phase 1.3 Build Placer Netlist Model
Phase 1.3 Build Placer Netlist Model | Checksum: 248faedf5

Time (s): cpu = 00:00:03 ; elapsed = 00:00:03 . Memory (MB): peak = 1864.645 ; gain = 0.000

Phase 1.4 Constrain Clocks/Macros
Phase 1.4 Constrain Clocks/Macros | Checksum: 248faedf5

Time (s): cpu = 00:00:03 ; elapsed = 00:00:03 . Memory (MB): peak = 1864.645 ; gain = 0.000
Phase 1 Placer Initialization | Checksum: 248faedf5

Time (s): cpu = 00:00:03 ; elapsed = 00:00:03 . Memory (MB): peak = 1864.645 ; gain = 0.000

Phase 2 Global Placement

Phase 2.1 Floorplanning
Phase 2.1 Floorplanning | Checksum: 1e8873f0e

Time (s): cpu = 00:00:03 ; elapsed = 00:00:03 . Memory (MB): peak = 1864.645 ; gain = 0.000

Phase 2.2 Update Timing before SLR Path Opt
Phase 2.2 Update Timing before SLR Path Opt | Checksum: 1f22ff64a

Time (s): cpu = 00:00:04 ; elapsed = 00:00:03 . Memory (MB): peak = 1864.645 ; gain = 0.000

Phase 2.3 Post-Processing in Floorplanning
Phase 2.3 Post-Processing in Floorplanning | Checksum: 1f22ff64a

Time (s): cpu = 00:00:04 ; elapsed = 00:00:03 . Memory (MB): peak = 1864.645 ; gain = 0.000

Phase 2.4 Global Place Phase1
Phase 2.4 Global Place Phase1 | Checksum: 1d11b653b

Time (s): cpu = 00:00:11 ; elapsed = 00:00:09 . Memory (MB): peak = 1864.645 ; gain = 0.000

Phase 2.5 Global Place Phase2

Phase 2.5.1 UpdateTiming Before Physical Synthesis
Phase 2.5.1 UpdateTiming Before Physical Synthesis | Checksum: 1d11b653b

Time (s): cpu = 00:00:11 ; elapsed = 00:00:09 . Memory (MB): peak = 1864.645 ; gain = 0.000

Phase 2.5.2 Physical Synthesis In Placer
INFO: [Physopt 32-1035] Found 0 LUTNM shape to break, 158 LUT instances to create LUTNM shape
INFO: [Physopt 32-1044] Break lutnm for timing: one critical 0, two critical 0, total 0, new lutff created 0
INFO: [Physopt 32-1138] End 1 Pass. Optimized 72 nets or LUTs. Breaked 0 LUT, combined 72 existing LUTs and moved 0 existing LUT
INFO: [Physopt 32-65] No nets found for high-fanout optimization.
INFO: [Physopt 32-232] Optimized 0 net. Created 0 new instance.
INFO: [Physopt 32-775] End 1 Pass. Optimized 0 net or cell. Created 0 new cell, deleted 0 existing cell and moved 0 existing cell
INFO: [Physopt 32-670] No setup violation found.  DSP Register Optimization was not performed.
INFO: [Physopt 32-670] No setup violation found.  Shift Register to Pipeline Optimization was not performed.
INFO: [Physopt 32-670] No setup violation found.  Shift Register Optimization was not performed.
INFO: [Physopt 32-670] No setup violation found.  BRAM Register Optimization was not performed.
INFO: [Physopt 32-670] No setup violation found.  URAM Register Optimization was not performed.
INFO: [Physopt 32-949] No candidate nets found for dynamic/static region interface net replication
INFO: [Physopt 32-775] End 1 Pass. Optimized 0 net or cell. Created 0 new cell, deleted 0 existing cell and moved 0 existing cell
Netlist sorting complete. Time (s): cpu = 00:00:00 ; elapsed = 00:00:00.006 . Memory (MB): peak = 1864.645 ; gain = 0.000

Summary of Physical Synthesis Optimizations
============================================


-----------------------------------------------------------------------------------------------------------------------------------------------------------
|  Optimization                                     |  Added Cells  |  Removed Cells  |  Optimized Cells/Nets  |  Dont Touch  |  Iterations  |  Elapsed   |
-----------------------------------------------------------------------------------------------------------------------------------------------------------
|  LUT Combining                                    |            0  |             72  |                    72  |           0  |           1  |  00:00:00  |
|  Retime                                           |            0  |              0  |                     0  |           0  |           1  |  00:00:00  |
|  Very High Fanout                                 |            0  |              0  |                     0  |           0  |           1  |  00:00:00  |
|  DSP Register                                     |            0  |              0  |                     0  |           0  |           0  |  00:00:00  |
|  Shift Register to Pipeline                       |            0  |              0  |                     0  |           0  |           0  |  00:00:00  |
|  Shift Register                                   |            0  |              0  |                     0  |           0  |           0  |  00:00:00  |
|  BRAM Register                                    |            0  |              0  |                     0  |           0  |           0  |  00:00:00  |
|  URAM Register                                    |            0  |              0  |                     0  |           0  |           0  |  00:00:00  |
|  Dynamic/Static Region Interface Net Replication  |            0  |              0  |                     0  |           0  |           1  |  00:00:00  |
|  Total                                            |            0  |             72  |                    72  |           0  |           4  |  00:00:00  |
-----------------------------------------------------------------------------------------------------------------------------------------------------------


Phase 2.5.2 Physical Synthesis In Placer | Checksum: 17bde16f5

Time (s): cpu = 00:00:13 ; elapsed = 00:00:11 . Memory (MB): peak = 1864.645 ; gain = 0.000
Phase 2.5 Global Place Phase2 | Checksum: 1baa6c30a

Time (s): cpu = 00:00:13 ; elapsed = 00:00:11 . Memory (MB): peak = 1864.645 ; gain = 0.000
Phase 2 Global Placement | Checksum: 1baa6c30a

Time (s): cpu = 00:00:13 ; elapsed = 00:00:11 . Memory (MB): peak = 1864.645 ; gain = 0.000

Phase 3 Detail Placement

Phase 3.1 Commit Multi Column Macros
Phase 3.1 Commit Multi Column Macros | Checksum: 258046c05

Time (s): cpu = 00:00:14 ; elapsed = 00:00:12 . Memory (MB): peak = 1864.645 ; gain = 0.000

Phase 3.2 Commit Most Macros & LUTRAMs
Phase 3.2 Commit Most Macros & LUTRAMs | Checksum: 27732521e

Time (s): cpu = 00:00:15 ; elapsed = 00:00:13 . Memory (MB): peak = 1864.645 ; gain = 0.000

Phase 3.3 Area Swap Optimization
Phase 3.3 Area Swap Optimization | Checksum: 2cc52c427

Time (s): cpu = 00:00:15 ; elapsed = 00:00:13 . Memory (MB): peak = 1864.645 ; gain = 0.000

Phase 3.4 Pipeline Register Optimization
Phase 3.4 Pipeline Register Optimization | Checksum: 31406fca9

Time (s): cpu = 00:00:15 ; elapsed = 00:00:13 . Memory (MB): peak = 1864.645 ; gain = 0.000

Phase 3.5 Small Shape Detail Placement
Phase 3.5 Small Shape Detail Placement | Checksum: 1e2926999

Time (s): cpu = 00:00:18 ; elapsed = 00:00:16 . Memory (MB): peak = 1864.645 ; gain = 0.000

Phase 3.6 Re-assign LUT pins
Phase 3.6 Re-assign LUT pins | Checksum: 1d5a69ec2

Time (s): cpu = 00:00:18 ; elapsed = 00:00:17 . Memory (MB): peak = 1864.645 ; gain = 0.000

Phase 3.7 Pipeline Register Optimization
Phase 3.7 Pipeline Register Optimization | Checksum: 1760ed309

Time (s): cpu = 00:00:18 ; elapsed = 00:00:17 . Memory (MB): peak = 1864.645 ; gain = 0.000
Phase 3 Detail Placement | Checksum: 1760ed309

Time (s): cpu = 00:00:18 ; elapsed = 00:00:17 . Memory (MB): peak = 1864.645 ; gain = 0.000

Phase 4 Post Placement Optimization and Clean-Up

Phase 4.1 Post Commit Optimization
INFO: [Timing 38-35] Done setting XDC timing constraints.

Phase 4.1.1 Post Placement Optimization
Post Placement Optimization Initialization | Checksum: 1cc9ad37b

Phase 4.1.1.1 BUFG Insertion

Starting Physical Synthesis Task

Phase 1 Physical Synthesis Initialization
INFO: [Physopt 32-721] Multithreading enabled for phys_opt_design using a maximum of 2 CPUs
INFO: [Physopt 32-619] Estimated Timing Summary | WNS=3.473 | TNS=0.000 |
Phase 1 Physical Synthesis Initialization | Checksum: 109e1a44c

Time (s): cpu = 00:00:00 ; elapsed = 00:00:00.367 . Memory (MB): peak = 1864.645 ; gain = 0.000
INFO: [Place 46-56] BUFG insertion identified 0 candidate nets. Inserted BUFG: 0, Replicated BUFG Driver: 0, Skipped due to Placement/Routing Conflicts: 0, Skipped due to Timing Degradation: 0, Skipped due to netlist editing failed: 0.
Ending Physical Synthesis Task | Checksum: 1b31afeb3

Time (s): cpu = 00:00:00 ; elapsed = 00:00:00.420 . Memory (MB): peak = 1864.645 ; gain = 0.000
Phase 4.1.1.1 BUFG Insertion | Checksum: 1cc9ad37b

Time (s): cpu = 00:00:21 ; elapsed = 00:00:19 . Memory (MB): peak = 1864.645 ; gain = 0.000

Phase 4.1.1.2 Post Placement Timing Optimization
INFO: [Place 30-746] Post Placement Timing Summary WNS=3.473. For the most accurate timing information please run report_timing.
Phase 4.1.1.2 Post Placement Timing Optimization | Checksum: 1a71fecf0

Time (s): cpu = 00:00:21 ; elapsed = 00:00:19 . Memory (MB): peak = 1864.645 ; gain = 0.000

Time (s): cpu = 00:00:21 ; elapsed = 00:00:19 . Memory (MB): peak = 1864.645 ; gain = 0.000
Phase 4.1 Post Commit Optimization | Checksum: 1a71fecf0

Time (s): cpu = 00:00:21 ; elapsed = 00:00:19 . Memory (MB): peak = 1864.645 ; gain = 0.000

Phase 4.2 Post Placement Cleanup
Phase 4.2 Post Placement Cleanup | Checksum: 1a71fecf0

Time (s): cpu = 00:00:21 ; elapsed = 00:00:19 . Memory (MB): peak = 1864.645 ; gain = 0.000

Phase 4.3 Placer Reporting

Phase 4.3.1 Print Estimated Congestion
INFO: [Place 30-612] Post-Placement Estimated Congestion 
 ____________________________________________________
|           | Global Congestion | Short Congestion  |
| Direction | Region Size       | Region Size       |
|___________|___________________|___________________|
|      North|                1x1|                1x1|
|___________|___________________|___________________|
|      South|                1x1|                1x1|
|___________|___________________|___________________|
|       East|                1x1|                1x1|
|___________|___________________|___________________|
|       West|                1x1|                1x1|
|___________|___________________|___________________|

Phase 4.3.1 Print Estimated Congestion | Checksum: 1a71fecf0

Time (s): cpu = 00:00:21 ; elapsed = 00:00:19 . Memory (MB): peak = 1864.645 ; gain = 0.000
Phase 4.3 Placer Reporting | Checksum: 1a71fecf0

Time (s): cpu = 00:00:22 ; elapsed = 00:00:19 . Memory (MB): peak = 1864.645 ; gain = 0.000

Phase 4.4 Final Placement Cleanup
Netlist sorting complete. Time (s): cpu = 00:00:00 ; elapsed = 00:00:00.004 . Memory (MB): peak = 1864.645 ; gain = 0.000

Time (s): cpu = 00:00:22 ; elapsed = 00:00:19 . Memory (MB): peak = 1864.645 ; gain = 0.000
Phase 4 Post Placement Optimization and Clean-Up | Checksum: 1c5b8e9c5

Time (s): cpu = 00:00:22 ; elapsed = 00:00:19 . Memory (MB): peak = 1864.645 ; gain = 0.000
Ending Placer Task | Checksum: 1b6b6b469

Time (s): cpu = 00:00:22 ; elapsed = 00:00:19 . Memory (MB): peak = 1864.645 ; gain = 0.000
94 Infos, 0 Warnings, 1 Critical Warnings and 0 Errors encountered.
place_design completed successfully
place_design: Time (s): cpu = 00:00:31 ; elapsed = 00:00:24 . Memory (MB): peak = 1864.645 ; gain = 0.000
INFO: [Vivado 12-24838] Running report commands "report_control_sets, report_io, report_utilization" in parallel.
Running report generation with 2 threads.
INFO: [Vivado 12-24828] Executing command : report_io -file lab20_2_bd_wrapper_io_placed.rpt
report_io: Time (s): cpu = 00:00:00 ; elapsed = 00:00:00.116 . Memory (MB): peak = 1864.645 ; gain = 0.000
INFO: [Vivado 12-24828] Executing command : report_utilization -file lab20_2_bd_wrapper_utilization_placed.rpt -pb lab20_2_bd_wrapper_utilization_placed.pb
INFO: [Vivado 12-24828] Executing command : report_control_sets -verbose -file lab20_2_bd_wrapper_control_sets_placed.rpt
report_control_sets: Time (s): cpu = 00:00:00 ; elapsed = 00:00:00.044 . Memory (MB): peak = 1864.645 ; gain = 0.000
INFO: [Timing 38-480] Writing timing data to binary archive.
Write ShapeDB Complete: Time (s): cpu = 00:00:00 ; elapsed = 00:00:00.029 . Memory (MB): peak = 1864.645 ; gain = 0.000
Wrote PlaceDB: Time (s): cpu = 00:00:02 ; elapsed = 00:00:00.667 . Memory (MB): peak = 1864.645 ; gain = 0.000
Wrote PulsedLatchDB: Time (s): cpu = 00:00:00 ; elapsed = 00:00:00 . Memory (MB): peak = 1864.645 ; gain = 0.000
Writing XDEF routing.
Writing XDEF routing logical nets.
Writing XDEF routing special nets.
Wrote RouteStorage: Time (s): cpu = 00:00:00 ; elapsed = 00:00:00.044 . Memory (MB): peak = 1864.645 ; gain = 0.000
Wrote Netlist Cache: Time (s): cpu = 00:00:00 ; elapsed = 00:00:00.013 . Memory (MB): peak = 1864.645 ; gain = 0.000
Wrote Device Cache: Time (s): cpu = 00:00:00 ; elapsed = 00:00:00.018 . Memory (MB): peak = 1864.645 ; gain = 0.000
Write Physdb Complete: Time (s): cpu = 00:00:02 ; elapsed = 00:00:00.757 . Memory (MB): peak = 1864.645 ; gain = 0.000
INFO: [Common 17-1381] The checkpoint 'C:/FPGA/logtel/lab20_axi_2/lab20_axi_2.runs/impl_1/lab20_2_bd_wrapper_placed.dcp' has been generated.
Command: phys_opt_design
Attempting to get a license for feature 'Implementation' and/or device 'xc7a100t'
INFO: [Common 17-349] Got license for feature 'Implementation' and/or device 'xc7a100t'

Starting Initial Update Timing Task

Time (s): cpu = 00:00:02 ; elapsed = 00:00:00.910 . Memory (MB): peak = 1864.645 ; gain = 0.000
INFO: [Vivado_Tcl 4-2279] Estimated Timing Summary | WNS= 3.473 | TNS= 0.000 | 
INFO: [Vivado_Tcl 4-383] Design worst setup slack (WNS) is greater than or equal to 0.000 ns. All physical synthesis setup optimizations will be skipped.
INFO: [Vivado_Tcl 4-232] No setup violation found. The netlist was not modified.
INFO: [Common 17-83] Releasing license: Implementation
105 Infos, 0 Warnings, 1 Critical Warnings and 0 Errors encountered.
phys_opt_design completed successfully
INFO: [Timing 38-480] Writing timing data to binary archive.
Write ShapeDB Complete: Time (s): cpu = 00:00:00 ; elapsed = 00:00:00.032 . Memory (MB): peak = 1864.828 ; gain = 0.184
Wrote PlaceDB: Time (s): cpu = 00:00:02 ; elapsed = 00:00:00.776 . Memory (MB): peak = 1872.215 ; gain = 7.570
Wrote PulsedLatchDB: Time (s): cpu = 00:00:00 ; elapsed = 00:00:00 . Memory (MB): peak = 1872.215 ; gain = 0.000
Writing XDEF routing.
Writing XDEF routing logical nets.
Writing XDEF routing special nets.
Wrote RouteStorage: Time (s): cpu = 00:00:00 ; elapsed = 00:00:00.051 . Memory (MB): peak = 1872.215 ; gain = 0.000
Wrote Netlist Cache: Time (s): cpu = 00:00:01 ; elapsed = 00:00:00.015 . Memory (MB): peak = 1872.215 ; gain = 0.000
Wrote Device Cache: Time (s): cpu = 00:00:00 ; elapsed = 00:00:00.019 . Memory (MB): peak = 1872.215 ; gain = 0.000
Write Physdb Complete: Time (s): cpu = 00:00:03 ; elapsed = 00:00:00.883 . Memory (MB): peak = 1872.215 ; gain = 7.570
INFO: [Common 17-1381] The checkpoint 'C:/FPGA/logtel/lab20_axi_2/lab20_axi_2.runs/impl_1/lab20_2_bd_wrapper_physopt.dcp' has been generated.
Command: route_design
Attempting to get a license for feature 'Implementation' and/or device 'xc7a100t'
INFO: [Common 17-349] Got license for feature 'Implementation' and/or device 'xc7a100t'


Starting Routing Task
INFO: [Route 35-254] Multithreading enabled for route_design using a maximum of 2 CPUs

Phase 1 Build RT Design
Checksum: PlaceDB: 2be416b8 ConstDB: 0 ShapeSum: d9003e1b RouteDB: b1d25f96
Post Restoration Checksum: NetGraph: 59f0b678 | NumContArr: 1a35d1e2 | Constraints: c2a8fa9d | Timing: c2a8fa9d
Phase 1 Build RT Design | Checksum: 1f9787d94

Time (s): cpu = 00:01:14 ; elapsed = 00:01:13 . Memory (MB): peak = 1963.301 ; gain = 91.086

Phase 2 Router Initialization

Phase 2.1 Fix Topology Constraints
Phase 2.1 Fix Topology Constraints | Checksum: 1f9787d94

Time (s): cpu = 00:01:14 ; elapsed = 00:01:13 . Memory (MB): peak = 1963.301 ; gain = 91.086

Phase 2.2 Pre Route Cleanup
Phase 2.2 Pre Route Cleanup | Checksum: 1f9787d94

Time (s): cpu = 00:01:14 ; elapsed = 00:01:13 . Memory (MB): peak = 1963.301 ; gain = 91.086
 Number of Nodes with overlaps = 0

Phase 2.3 Update Timing
Phase 2.3 Update Timing | Checksum: 26042f52d

Time (s): cpu = 00:01:17 ; elapsed = 00:01:15 . Memory (MB): peak = 1998.129 ; gain = 125.914
INFO: [Route 35-416] Intermediate Timing Summary | WNS=3.595  | TNS=0.000  | WHS=-0.329 | THS=-110.990|


Phase 2.4 Update Timing for Bus Skew

Phase 2.4.1 Update Timing
Phase 2.4.1 Update Timing | Checksum: 24a95907a

Time (s): cpu = 00:01:19 ; elapsed = 00:01:16 . Memory (MB): peak = 1998.129 ; gain = 125.914
INFO: [Route 35-416] Intermediate Timing Summary | WNS=3.595  | TNS=0.000  | WHS=-0.078 | THS=-0.324 |

Phase 2.4 Update Timing for Bus Skew | Checksum: 2604fc9b4

Time (s): cpu = 00:01:19 ; elapsed = 00:01:17 . Memory (MB): peak = 1998.129 ; gain = 125.914

Router Utilization Summary
  Global Vertical Routing Utilization    = 0 %
  Global Horizontal Routing Utilization  = 0 %
  Routable Net Status*
  *Does not include unroutable nets such as driverless and loadless.
  Run report_route_status for detailed report.
  Number of Failed Nets               = 2954
    (Failed Nets is the sum of unrouted and partially routed nets)
  Number of Unrouted Nets             = 2954
  Number of Partially Routed Nets     = 0
  Number of Node Overlaps             = 0

Phase 2 Router Initialization | Checksum: 24f376d51

Time (s): cpu = 00:01:20 ; elapsed = 00:01:17 . Memory (MB): peak = 1998.129 ; gain = 125.914

Phase 3 Global Routing
Phase 3 Global Routing | Checksum: 24f376d51

Time (s): cpu = 00:01:20 ; elapsed = 00:01:17 . Memory (MB): peak = 1998.129 ; gain = 125.914

Phase 4 Initial Routing

Phase 4.1 Initial Net Routing Pass
Phase 4.1 Initial Net Routing Pass | Checksum: 1ecf576ec

Time (s): cpu = 00:01:22 ; elapsed = 00:01:18 . Memory (MB): peak = 1998.129 ; gain = 125.914
Phase 4 Initial Routing | Checksum: 1ecf576ec

Time (s): cpu = 00:01:22 ; elapsed = 00:01:18 . Memory (MB): peak = 1998.129 ; gain = 125.914

Phase 5 Rip-up And Reroute

Phase 5.1 Global Iteration 0
 Number of Nodes with overlaps = 149
 Number of Nodes with overlaps = 9
 Number of Nodes with overlaps = 0
INFO: [Route 35-416] Intermediate Timing Summary | WNS=3.615  | TNS=0.000  | WHS=N/A    | THS=N/A    |

Phase 5.1 Global Iteration 0 | Checksum: 2de14cb9a

Time (s): cpu = 00:01:25 ; elapsed = 00:01:20 . Memory (MB): peak = 1998.129 ; gain = 125.914

Phase 5.2 Global Iteration 1
 Number of Nodes with overlaps = 0
INFO: [Route 35-416] Intermediate Timing Summary | WNS=3.615  | TNS=0.000  | WHS=N/A    | THS=N/A    |

Phase 5.2 Global Iteration 1 | Checksum: 1d90b7402

Time (s): cpu = 00:01:25 ; elapsed = 00:01:20 . Memory (MB): peak = 1998.129 ; gain = 125.914
Phase 5 Rip-up And Reroute | Checksum: 1d90b7402

Time (s): cpu = 00:01:25 ; elapsed = 00:01:20 . Memory (MB): peak = 1998.129 ; gain = 125.914

Phase 6 Delay and Skew Optimization

Phase 6.1 Delay CleanUp
Phase 6.1 Delay CleanUp | Checksum: 1d90b7402

Time (s): cpu = 00:01:25 ; elapsed = 00:01:20 . Memory (MB): peak = 1998.129 ; gain = 125.914

Phase 6.2 Clock Skew Optimization
Phase 6.2 Clock Skew Optimization | Checksum: 1d90b7402

Time (s): cpu = 00:01:25 ; elapsed = 00:01:20 . Memory (MB): peak = 1998.129 ; gain = 125.914
Phase 6 Delay and Skew Optimization | Checksum: 1d90b7402

Time (s): cpu = 00:01:25 ; elapsed = 00:01:20 . Memory (MB): peak = 1998.129 ; gain = 125.914

Phase 7 Post Hold Fix

Phase 7.1 Hold Fix Iter
INFO: [Route 35-416] Intermediate Timing Summary | WNS=3.622  | TNS=0.000  | WHS=0.078  | THS=0.000  |

Phase 7.1 Hold Fix Iter | Checksum: 1a189b737

Time (s): cpu = 00:01:26 ; elapsed = 00:01:21 . Memory (MB): peak = 1998.129 ; gain = 125.914
Phase 7 Post Hold Fix | Checksum: 1a189b737

Time (s): cpu = 00:01:26 ; elapsed = 00:01:21 . Memory (MB): peak = 1998.129 ; gain = 125.914

Phase 8 Route finalize

Router Utilization Summary
  Global Vertical Routing Utilization    = 0.236802 %
  Global Horizontal Routing Utilization  = 0.409704 %
  Routable Net Status*
  *Does not include unroutable nets such as driverless and loadless.
  Run report_route_status for detailed report.
  Number of Failed Nets               = 0
    (Failed Nets is the sum of unrouted and partially routed nets)
  Number of Unrouted Nets             = 0
  Number of Partially Routed Nets     = 0
  Number of Node Overlaps             = 0

Phase 8 Route finalize | Checksum: 1a189b737

Time (s): cpu = 00:01:26 ; elapsed = 00:01:21 . Memory (MB): peak = 1998.129 ; gain = 125.914

Phase 9 Verifying routed nets

 Verification completed successfully
Phase 9 Verifying routed nets | Checksum: 1a189b737

Time (s): cpu = 00:01:26 ; elapsed = 00:01:21 . Memory (MB): peak = 1998.129 ; gain = 125.914

Phase 10 Depositing Routes
Phase 10 Depositing Routes | Checksum: 24a9ea189

Time (s): cpu = 00:01:27 ; elapsed = 00:01:22 . Memory (MB): peak = 1998.129 ; gain = 125.914

Phase 11 Post Process Routing
Phase 11 Post Process Routing | Checksum: 24a9ea189

Time (s): cpu = 00:01:27 ; elapsed = 00:01:22 . Memory (MB): peak = 1998.129 ; gain = 125.914

Phase 12 Post Router Timing
INFO: [Route 35-57] Estimated Timing Summary | WNS=3.622  | TNS=0.000  | WHS=0.078  | THS=0.000  |

INFO: [Route 35-327] The final timing numbers are based on the router estimated timing analysis. For a complete and accurate timing signoff, please run report_timing_summary.
Phase 12 Post Router Timing | Checksum: 24a9ea189

Time (s): cpu = 00:01:27 ; elapsed = 00:01:22 . Memory (MB): peak = 1998.129 ; gain = 125.914
Total Elapsed time in route_design: 81.829 secs

Phase 13 Post-Route Event Processing
Phase 13 Post-Route Event Processing | Checksum: 228d1a995

Time (s): cpu = 00:01:27 ; elapsed = 00:01:22 . Memory (MB): peak = 1998.129 ; gain = 125.914
INFO: [Route 35-16] Router Completed Successfully
Ending Routing Task | Checksum: 228d1a995

Time (s): cpu = 00:01:27 ; elapsed = 00:01:22 . Memory (MB): peak = 1998.129 ; gain = 125.914

Routing Is Done.
INFO: [Common 17-83] Releasing license: Implementation
118 Infos, 0 Warnings, 1 Critical Warnings and 0 Errors encountered.
route_design completed successfully
route_design: Time (s): cpu = 00:01:27 ; elapsed = 00:01:22 . Memory (MB): peak = 1998.129 ; gain = 125.914
INFO: [Vivado 12-24828] Executing command : report_drc -file lab20_2_bd_wrapper_drc_routed.rpt -pb lab20_2_bd_wrapper_drc_routed.pb -rpx lab20_2_bd_wrapper_drc_routed.rpx
Command: report_drc -file lab20_2_bd_wrapper_drc_routed.rpt -pb lab20_2_bd_wrapper_drc_routed.pb -rpx lab20_2_bd_wrapper_drc_routed.rpx
INFO: [IP_Flow 19-1839] IP Catalog is up to date.
INFO: [DRC 23-27] Running DRC with 2 threads
INFO: [Vivado_Tcl 2-168] The results of DRC are in file C:/FPGA/logtel/lab20_axi_2/lab20_axi_2.runs/impl_1/lab20_2_bd_wrapper_drc_routed.rpt.
report_drc completed successfully
report_drc: Time (s): cpu = 00:00:17 ; elapsed = 00:00:10 . Memory (MB): peak = 2033.102 ; gain = 34.973
INFO: [Vivado 12-24828] Executing command : report_methodology -file lab20_2_bd_wrapper_methodology_drc_routed.rpt -pb lab20_2_bd_wrapper_methodology_drc_routed.pb -rpx lab20_2_bd_wrapper_methodology_drc_routed.rpx
Command: report_methodology -file lab20_2_bd_wrapper_methodology_drc_routed.rpt -pb lab20_2_bd_wrapper_methodology_drc_routed.pb -rpx lab20_2_bd_wrapper_methodology_drc_routed.rpx
INFO: [Timing 38-35] Done setting XDC timing constraints.
INFO: [DRC 23-133] Running Methodology with 2 threads
INFO: [Vivado_Tcl 2-1520] The results of Report Methodology are in file C:/FPGA/logtel/lab20_axi_2/lab20_axi_2.runs/impl_1/lab20_2_bd_wrapper_methodology_drc_routed.rpt.
report_methodology completed successfully
report_methodology: Time (s): cpu = 00:00:15 ; elapsed = 00:00:09 . Memory (MB): peak = 2056.000 ; gain = 22.898
INFO: [Vivado 12-24828] Executing command : report_timing_summary -max_paths 10 -report_unconstrained -file lab20_2_bd_wrapper_timing_summary_routed.rpt -pb lab20_2_bd_wrapper_timing_summary_routed.pb -rpx lab20_2_bd_wrapper_timing_summary_routed.rpx -warn_on_violation 
INFO: [Timing 38-35] Done setting XDC timing constraints.
INFO: [Timing 38-91] UpdateTimingParams: Speed grade: -1, Delay Type: min_max.
INFO: [Timing 38-191] Multithreading enabled for timing update using a maximum of 2 CPUs
WARNING: [Timing 38-436] There are set_bus_skew constraint(s) in this design. Please run report_bus_skew to ensure that bus skew requirements are met.
INFO: [Vivado 12-24838] Running report commands "report_incremental_reuse, report_route_status" in parallel.
Running report generation with 2 threads.
INFO: [Vivado 12-24828] Executing command : report_incremental_reuse -file lab20_2_bd_wrapper_incremental_reuse_routed.rpt
INFO: [Vivado_Tcl 4-1062] Incremental flow is disabled. No incremental reuse Info to report.
INFO: [Vivado 12-24828] Executing command : report_route_status -file lab20_2_bd_wrapper_route_status.rpt -pb lab20_2_bd_wrapper_route_status.pb
INFO: [Vivado 12-24828] Executing command : report_power -file lab20_2_bd_wrapper_power_routed.rpt -pb lab20_2_bd_wrapper_power_summary_routed.pb -rpx lab20_2_bd_wrapper_power_routed.rpx
Command: report_power -file lab20_2_bd_wrapper_power_routed.rpt -pb lab20_2_bd_wrapper_power_summary_routed.pb -rpx lab20_2_bd_wrapper_power_routed.rpx
Running Vector-less Activity Propagation...

Finished Running Vector-less Activity Propagation
135 Infos, 1 Warnings, 1 Critical Warnings and 0 Errors encountered.
report_power completed successfully
INFO: [Vivado 12-24828] Executing command : report_clock_utilization -file lab20_2_bd_wrapper_clock_utilization_routed.rpt
INFO: [Vivado 12-24828] Executing command : report_bus_skew -warn_on_violation -file lab20_2_bd_wrapper_bus_skew_routed.rpt -pb lab20_2_bd_wrapper_bus_skew_routed.pb -rpx lab20_2_bd_wrapper_bus_skew_routed.rpx
INFO: [Timing 38-91] UpdateTimingParams: Speed grade: -1, Delay Type: min_max.
INFO: [Timing 38-191] Multithreading enabled for timing update using a maximum of 2 CPUs
generate_parallel_reports: Time (s): cpu = 00:00:39 ; elapsed = 00:00:24 . Memory (MB): peak = 2056.000 ; gain = 57.871
INFO: [Timing 38-480] Writing timing data to binary archive.
Write ShapeDB Complete: Time (s): cpu = 00:00:00 ; elapsed = 00:00:00.031 . Memory (MB): peak = 2059.961 ; gain = 3.961
Wrote PlaceDB: Time (s): cpu = 00:00:02 ; elapsed = 00:00:00.699 . Memory (MB): peak = 2077.176 ; gain = 21.176
Wrote PulsedLatchDB: Time (s): cpu = 00:00:00 ; elapsed = 00:00:00 . Memory (MB): peak = 2077.176 ; gain = 0.000
Writing XDEF routing.
Writing XDEF routing logical nets.
Writing XDEF routing special nets.
Wrote RouteStorage: Time (s): cpu = 00:00:00 ; elapsed = 00:00:00.140 . Memory (MB): peak = 2077.176 ; gain = 0.000
Wrote Netlist Cache: Time (s): cpu = 00:00:00 ; elapsed = 00:00:00.013 . Memory (MB): peak = 2077.176 ; gain = 0.000
Wrote Device Cache: Time (s): cpu = 00:00:00 ; elapsed = 00:00:00.020 . Memory (MB): peak = 2077.176 ; gain = 0.000
Write Physdb Complete: Time (s): cpu = 00:00:02 ; elapsed = 00:00:00.893 . Memory (MB): peak = 2077.176 ; gain = 21.176
INFO: [Common 17-1381] The checkpoint 'C:/FPGA/logtel/lab20_axi_2/lab20_axi_2.runs/impl_1/lab20_2_bd_wrapper_routed.dcp' has been generated.
Command: write_bitstream -force lab20_2_bd_wrapper.bit
Attempting to get a license for feature 'Implementation' and/or device 'xc7a100t'
INFO: [Common 17-349] Got license for feature 'Implementation' and/or device 'xc7a100t'
Running DRC as a precondition to command write_bitstream
INFO: [IP_Flow 19-1839] IP Catalog is up to date.
INFO: [DRC 23-27] Running DRC with 2 threads
INFO: [Vivado 12-3199] DRC finished with 0 Errors
INFO: [Vivado 12-3200] Please refer to the DRC report (report_drc) for more information.
INFO: [Designutils 20-2272] Running write_bitstream with 2 threads.
Loading data files...
Loading site data...
Loading route data...
Processing options...
Creating bitmap...
Creating bitstream...
Writing bitstream ./lab20_2_bd_wrapper.bit...
INFO: [Vivado 12-1842] Bitgen Completed Successfully.
INFO: [Project 1-1876] WebTalk data collection is mandatory when using a ULT device. To see the specific WebTalk data collected for your design, open the usage_statistics_webtalk.html or usage_statistics_webtalk.xml file in the implementation directory.
INFO: [Common 17-83] Releasing license: Implementation
150 Infos, 1 Warnings, 1 Critical Warnings and 0 Errors encountered.
write_bitstream completed successfully
write_bitstream: Time (s): cpu = 00:00:41 ; elapsed = 00:00:33 . Memory (MB): peak = 2564.879 ; gain = 487.703
INFO: [Common 17-206] Exiting Vivado at Thu Mar 20 22:45:43 2025...
