Copyright 1986-2019 Xilinx, Inc. All Rights Reserved.
---------------------------------------------------------------------------------------------
| Tool Version : Vivado v.2019.2 (win64) Build 2708876 Wed Nov  6 21:40:23 MST 2019
| Date         : Sun May 25 12:52:49 2025
| Host         : dvirhersh_comp running 64-bit major release  (build 9200)
| Command      : report_control_sets -verbose -file design_1_wrapper_control_sets_placed.rpt
| Design       : design_1_wrapper
| Device       : xc7a100t
---------------------------------------------------------------------------------------------

Control Set Information

Table of Contents
-----------------
1. Summary
2. Histogram
3. Flip-Flop Distribution
4. Detailed Control Set Information

1. Summary
----------

+----------------------------------------------------------+-------+
|                          Status                          | Count |
+----------------------------------------------------------+-------+
| Total control sets                                       |    16 |
|    Minimum number of control sets                        |    16 |
|    Addition due to synthesis replication                 |     0 |
|    Addition due to physical synthesis replication        |     0 |
| Unused register locations in slices containing registers |    59 |
+----------------------------------------------------------+-------+
* Control sets can be merged at opt_design using control_set_merge or merge_equivalent_drivers
** Run report_qor_suggestions for automated merging and remapping suggestions


2. Histogram
------------

+--------------------+-------+
|       Fanout       | Count |
+--------------------+-------+
| Total control sets |    16 |
| >= 0 to < 4        |     2 |
| >= 4 to < 6        |     0 |
| >= 6 to < 8        |     1 |
| >= 8 to < 10       |     2 |
| >= 10 to < 12      |     2 |
| >= 12 to < 14      |     2 |
| >= 14 to < 16      |     0 |
| >= 16              |     7 |
+--------------------+-------+
* Control sets can be remapped at either synth_design or opt_design


3. Flip-Flop Distribution
-------------------------

+--------------+-----------------------+------------------------+-----------------+--------------+
| Clock Enable | Synchronous Set/Reset | Asynchronous Set/Reset | Total Registers | Total Slices |
+--------------+-----------------------+------------------------+-----------------+--------------+
| No           | No                    | No                     |              53 |           28 |
| No           | No                    | Yes                    |               0 |            0 |
| No           | Yes                   | No                     |              41 |           12 |
| Yes          | No                    | No                     |              57 |           17 |
| Yes          | No                    | Yes                    |               0 |            0 |
| Yes          | Yes                   | No                     |              86 |           23 |
+--------------+-----------------------+------------------------+-----------------+--------------+


4. Detailed Control Set Information
-----------------------------------

+------------------------------------------------------+----------------------------------------------------------------------------+------------------------------------------------------------------------+------------------+----------------+
|                     Clock Signal                     |                                Enable Signal                               |                            Set/Reset Signal                            | Slice Load Count | Bel Load Count |
+------------------------------------------------------+----------------------------------------------------------------------------+------------------------------------------------------------------------+------------------+----------------+
|  design_1_i/clock_devider_0/U0/divided_clk_BUFG      | design_1_i/vga_top_0/U0/VGA_Horiz/E[0]                                     |                                                                        |                1 |              1 |
|  pclk_0_IBUF_BUFG                                    |                                                                            |                                                                        |                2 |              3 |
|  clk_0_IBUF_BUFG                                     |                                                                            |                                                                        |                6 |              7 |
|  clk_0_IBUF_BUFG                                     | design_1_i/ov7670_controller_0/U0/Inst_ov7670_registers/busy_sr_reg[31][0] |                                                                        |                2 |              8 |
|  design_1_i/clock_devider_0/U0/divided_clk_BUFG      | design_1_i/vga_top_0/U0/VGA_Horiz/E[0]                                     | design_1_i/vga_top_0/U0/VGA_Verti/count                                |                4 |              9 |
|  design_1_i/clock_devider_0/U0/divided_clk_BUFG      |                                                                            | design_1_i/vga_top_0/U0/VGA_Horiz/count[9]_i_1__0_n_0                  |                4 |             10 |
|  clk_0_IBUF_BUFG                                     | design_1_i/ov7670_controller_0/U0/Inst_SCCB_sender/busy_sr0                | design_1_i/ov7670_controller_0/U0/Inst_SCCB_sender/data_sr[30]_i_1_n_0 |                2 |             11 |
|  design_1_i/clock_devider_0/U0/divided_clk_BUFG      |                                                                            |                                                                        |               10 |             12 |
|  design_1_i/vga_top_0/U0/VGA_Horiz/count_reg[7]_0[0] |                                                                            |                                                                        |                4 |             12 |
|  clk_0_IBUF_BUFG                                     | design_1_i/ov7670_controller_0/U0/Inst_SCCB_sender/E[0]                    | resend_0_IBUF                                                          |                5 |             16 |
|  pclk_0_IBUF_BUFG                                    | design_1_i/ovo_7670_caputre_0/U0/p_0_in_0                                  | camera_v_sync_0_IBUF                                                   |                5 |             19 |
|  design_1_i/vga_top_0/U0/VGA_Verti/E[0]              |                                                                            |                                                                        |                6 |             19 |
|  clk_0_IBUF_BUFG                                     | design_1_i/ov7670_controller_0/U0/Inst_SCCB_sender/busy_sr0                |                                                                        |                6 |             21 |
|  pclk_0_IBUF_BUFG                                    | design_1_i/ovo_7670_caputre_0/U0/p_0_in1_in                                |                                                                        |                8 |             27 |
|  clk_0_IBUF_BUFG                                     |                                                                            | design_1_i/clock_devider_0/U0/clk_out                                  |                8 |             31 |
|  clk_0_IBUF_BUFG                                     | design_1_i/ov7670_controller_0/U0/Inst_SCCB_sender/busy_sr0                | design_1_i/ov7670_controller_0/U0/Inst_SCCB_sender/busy_sr[31]_i_1_n_0 |                7 |             31 |
+------------------------------------------------------+----------------------------------------------------------------------------+------------------------------------------------------------------------+------------------+----------------+


