
*** Running vivado
    with args -log design_1_top_0_0.vds -m64 -product Vivado -mode batch -messageDb vivado.pb -notrace -source design_1_top_0_0.tcl


****** Vivado v2019.2 (64-bit)
  **** SW Build 2708876 on Wed Nov  6 21:40:23 MST 2019
  **** IP Build 2700528 on Thu Nov  7 00:09:20 MST 2019
    ** Copyright 1986-2019 Xilinx, Inc. All Rights Reserved.

source design_1_top_0_0.tcl -notrace
Command: synth_design -top design_1_top_0_0 -part xc7a100tcsg324-1 -mode out_of_context
Starting synth_design
WARNING: [IP_Flow 19-3571] IP 'design_1_top_0_0' is restricted:
* Module reference is stale and needs refreshing.
Attempting to get a license for feature 'Synthesis' and/or device 'xc7a100t'
INFO: [Common 17-349] Got license for feature 'Synthesis' and/or device 'xc7a100t'
INFO: Launching helper process for spawning children vivado processes
INFO: Helper process launched with PID 13576 
---------------------------------------------------------------------------------
Starting Synthesize : Time (s): cpu = 00:00:03 ; elapsed = 00:00:03 . Memory (MB): peak = 699.039 ; gain = 239.961
---------------------------------------------------------------------------------
INFO: [Synth 8-638] synthesizing module 'design_1_top_0_0' [c:/fpga_course_logtel_2025/internet_tutorials/VGA_from_youtube/VGA_from_youtube.srcs/sources_1/bd/design_1/ip/design_1_top_0_0/synth/design_1_top_0_0.vhd:67]
INFO: [Synth 8-3491] module 'top' declared at 'C:/fpga_course_logtel_2025/internet_tutorials/VGA_from_youtube/VGA_from_youtube.srcs/sources_1/new/top.vhd:6' bound to instance 'U0' of component 'top' [c:/fpga_course_logtel_2025/internet_tutorials/VGA_from_youtube/VGA_from_youtube.srcs/sources_1/bd/design_1/ip/design_1_top_0_0/synth/design_1_top_0_0.vhd:93]
INFO: [Synth 8-638] synthesizing module 'top' [C:/fpga_course_logtel_2025/internet_tutorials/VGA_from_youtube/VGA_from_youtube.srcs/sources_1/new/top.vhd:17]
INFO: [Synth 8-638] synthesizing module 'horizontal_counter' [C:/fpga_course_logtel_2025/internet_tutorials/VGA_from_youtube/VGA_from_youtube.srcs/sources_1/new/horizontal_counter.vhd:16]
	Parameter H_MAX bound to: 800 - type: integer 
INFO: [Synth 8-256] done synthesizing module 'horizontal_counter' (1#1) [C:/fpga_course_logtel_2025/internet_tutorials/VGA_from_youtube/VGA_from_youtube.srcs/sources_1/new/horizontal_counter.vhd:16]
INFO: [Synth 8-638] synthesizing module 'vertical_counter' [C:/fpga_course_logtel_2025/internet_tutorials/VGA_from_youtube/VGA_from_youtube.srcs/sources_1/new/vertical_counter.vhd:14]
	Parameter V_MAX bound to: 525 - type: integer 
INFO: [Synth 8-256] done synthesizing module 'vertical_counter' (2#1) [C:/fpga_course_logtel_2025/internet_tutorials/VGA_from_youtube/VGA_from_youtube.srcs/sources_1/new/vertical_counter.vhd:14]
INFO: [Synth 8-256] done synthesizing module 'top' (3#1) [C:/fpga_course_logtel_2025/internet_tutorials/VGA_from_youtube/VGA_from_youtube.srcs/sources_1/new/top.vhd:17]
INFO: [Synth 8-256] done synthesizing module 'design_1_top_0_0' (4#1) [c:/fpga_course_logtel_2025/internet_tutorials/VGA_from_youtube/VGA_from_youtube.srcs/sources_1/bd/design_1/ip/design_1_top_0_0/synth/design_1_top_0_0.vhd:67]
---------------------------------------------------------------------------------
Finished Synthesize : Time (s): cpu = 00:00:04 ; elapsed = 00:00:04 . Memory (MB): peak = 772.375 ; gain = 313.297
---------------------------------------------------------------------------------
---------------------------------------------------------------------------------
Finished Constraint Validation : Time (s): cpu = 00:00:04 ; elapsed = 00:00:05 . Memory (MB): peak = 772.375 ; gain = 313.297
---------------------------------------------------------------------------------
---------------------------------------------------------------------------------
Start Loading Part and Timing Information
---------------------------------------------------------------------------------
Loading part: xc7a100tcsg324-1
---------------------------------------------------------------------------------
Finished Loading Part and Timing Information : Time (s): cpu = 00:00:04 ; elapsed = 00:00:05 . Memory (MB): peak = 772.375 ; gain = 313.297
---------------------------------------------------------------------------------
INFO: [Device 21-403] Loading part xc7a100tcsg324-1
---------------------------------------------------------------------------------
Finished RTL Optimization Phase 2 : Time (s): cpu = 00:00:04 ; elapsed = 00:00:05 . Memory (MB): peak = 772.375 ; gain = 313.297
---------------------------------------------------------------------------------

Report RTL Partitions: 
+-+--------------+------------+----------+
| |RTL Partition |Replication |Instances |
+-+--------------+------------+----------+
+-+--------------+------------+----------+
No constraint files found.
---------------------------------------------------------------------------------
Start RTL Component Statistics 
---------------------------------------------------------------------------------
Detailed RTL Component Info : 
+---Adders : 
	   2 Input     10 Bit       Adders := 2     
+---Registers : 
	               10 Bit    Registers := 2     
	                1 Bit    Registers := 1     
---------------------------------------------------------------------------------
Finished RTL Component Statistics 
---------------------------------------------------------------------------------
---------------------------------------------------------------------------------
Start RTL Hierarchical Component Statistics 
---------------------------------------------------------------------------------
Hierarchical RTL Component report 
Module horizontal_counter 
Detailed RTL Component Info : 
+---Adders : 
	   2 Input     10 Bit       Adders := 1     
+---Registers : 
	               10 Bit    Registers := 1     
	                1 Bit    Registers := 1     
Module vertical_counter 
Detailed RTL Component Info : 
+---Adders : 
	   2 Input     10 Bit       Adders := 1     
+---Registers : 
	               10 Bit    Registers := 1     
---------------------------------------------------------------------------------
Finished RTL Hierarchical Component Statistics
---------------------------------------------------------------------------------
---------------------------------------------------------------------------------
Start Part Resource Summary
---------------------------------------------------------------------------------
Part Resources:
DSPs: 240 (col length:80)
BRAMs: 270 (col length: RAMB18 80 RAMB36 40)
---------------------------------------------------------------------------------
Finished Part Resource Summary
---------------------------------------------------------------------------------
No constraint files found.
---------------------------------------------------------------------------------
Start Cross Boundary and Area Optimization
---------------------------------------------------------------------------------
Warning: Parallel synthesis criteria is not met 
INFO: [Synth 8-3917] design design_1_top_0_0 has port Green[3] driven by constant 0
INFO: [Synth 8-3917] design design_1_top_0_0 has port Green[2] driven by constant 0
INFO: [Synth 8-3917] design design_1_top_0_0 has port Green[1] driven by constant 0
INFO: [Synth 8-3917] design design_1_top_0_0 has port Blue[3] driven by constant 0
INFO: [Synth 8-3917] design design_1_top_0_0 has port Blue[0] driven by constant 0
---------------------------------------------------------------------------------
Finished Cross Boundary and Area Optimization : Time (s): cpu = 00:00:08 ; elapsed = 00:00:08 . Memory (MB): peak = 935.230 ; gain = 476.152
---------------------------------------------------------------------------------

Report RTL Partitions: 
+-+--------------+------------+----------+
| |RTL Partition |Replication |Instances |
+-+--------------+------------+----------+
+-+--------------+------------+----------+
No constraint files found.
---------------------------------------------------------------------------------
Start Timing Optimization
---------------------------------------------------------------------------------
---------------------------------------------------------------------------------
Finished Timing Optimization : Time (s): cpu = 00:00:08 ; elapsed = 00:00:08 . Memory (MB): peak = 940.188 ; gain = 481.109
---------------------------------------------------------------------------------

Report RTL Partitions: 
+-+--------------+------------+----------+
| |RTL Partition |Replication |Instances |
+-+--------------+------------+----------+
+-+--------------+------------+----------+
---------------------------------------------------------------------------------
Start Technology Mapping
---------------------------------------------------------------------------------
---------------------------------------------------------------------------------
Finished Technology Mapping : Time (s): cpu = 00:00:08 ; elapsed = 00:00:08 . Memory (MB): peak = 940.355 ; gain = 481.277
---------------------------------------------------------------------------------

Report RTL Partitions: 
+-+--------------+------------+----------+
| |RTL Partition |Replication |Instances |
+-+--------------+------------+----------+
+-+--------------+------------+----------+
---------------------------------------------------------------------------------
Start IO Insertion
---------------------------------------------------------------------------------
---------------------------------------------------------------------------------
Start Flattening Before IO Insertion
---------------------------------------------------------------------------------
---------------------------------------------------------------------------------
Finished Flattening Before IO Insertion
---------------------------------------------------------------------------------
---------------------------------------------------------------------------------
Start Final Netlist Cleanup
---------------------------------------------------------------------------------
---------------------------------------------------------------------------------
Finished Final Netlist Cleanup
---------------------------------------------------------------------------------
---------------------------------------------------------------------------------
Finished IO Insertion : Time (s): cpu = 00:00:11 ; elapsed = 00:00:11 . Memory (MB): peak = 940.355 ; gain = 481.277
---------------------------------------------------------------------------------
---------------------------------------------------------------------------------
Start Renaming Generated Instances
---------------------------------------------------------------------------------
---------------------------------------------------------------------------------
Finished Renaming Generated Instances : Time (s): cpu = 00:00:11 ; elapsed = 00:00:11 . Memory (MB): peak = 940.355 ; gain = 481.277
---------------------------------------------------------------------------------

Report RTL Partitions: 
+-+--------------+------------+----------+
| |RTL Partition |Replication |Instances |
+-+--------------+------------+----------+
+-+--------------+------------+----------+

Report Check Netlist: 
+------+------------------+-------+---------+-------+------------------+
|      |Item              |Errors |Warnings |Status |Description       |
+------+------------------+-------+---------+-------+------------------+
|1     |multi_driven_nets |      0|        0|Passed |Multi driven nets |
+------+------------------+-------+---------+-------+------------------+
---------------------------------------------------------------------------------
Start Rebuilding User Hierarchy
---------------------------------------------------------------------------------
---------------------------------------------------------------------------------
Finished Rebuilding User Hierarchy : Time (s): cpu = 00:00:11 ; elapsed = 00:00:11 . Memory (MB): peak = 940.355 ; gain = 481.277
---------------------------------------------------------------------------------
---------------------------------------------------------------------------------
Start Renaming Generated Ports
---------------------------------------------------------------------------------
---------------------------------------------------------------------------------
Finished Renaming Generated Ports : Time (s): cpu = 00:00:11 ; elapsed = 00:00:11 . Memory (MB): peak = 940.355 ; gain = 481.277
---------------------------------------------------------------------------------
---------------------------------------------------------------------------------
Start Handling Custom Attributes
---------------------------------------------------------------------------------
---------------------------------------------------------------------------------
Finished Handling Custom Attributes : Time (s): cpu = 00:00:11 ; elapsed = 00:00:11 . Memory (MB): peak = 940.355 ; gain = 481.277
---------------------------------------------------------------------------------
---------------------------------------------------------------------------------
Start Renaming Generated Nets
---------------------------------------------------------------------------------
---------------------------------------------------------------------------------
Finished Renaming Generated Nets : Time (s): cpu = 00:00:11 ; elapsed = 00:00:12 . Memory (MB): peak = 940.355 ; gain = 481.277
---------------------------------------------------------------------------------
---------------------------------------------------------------------------------
Start Writing Synthesis Report
---------------------------------------------------------------------------------

Report BlackBoxes: 
+-+--------------+----------+
| |BlackBox name |Instances |
+-+--------------+----------+
+-+--------------+----------+

Report Cell Usage: 
+------+-----+------+
|      |Cell |Count |
+------+-----+------+
|1     |LUT1 |     1|
|2     |LUT2 |     3|
|3     |LUT3 |     5|
|4     |LUT4 |     5|
|5     |LUT5 |     8|
|6     |LUT6 |    10|
|7     |FDRE |    21|
+------+-----+------+

Report Instance Areas: 
+------+--------------+-------------------+------+
|      |Instance      |Module             |Cells |
+------+--------------+-------------------+------+
|1     |top           |                   |    53|
|2     |  U0          |top                |    53|
|3     |    VGA_Horiz |horizontal_counter |    25|
|4     |    VGA_Verti |vertical_counter   |    28|
+------+--------------+-------------------+------+
---------------------------------------------------------------------------------
Finished Writing Synthesis Report : Time (s): cpu = 00:00:11 ; elapsed = 00:00:12 . Memory (MB): peak = 940.355 ; gain = 481.277
---------------------------------------------------------------------------------
Synthesis finished with 0 errors, 0 critical warnings and 0 warnings.
Synthesis Optimization Runtime : Time (s): cpu = 00:00:11 ; elapsed = 00:00:12 . Memory (MB): peak = 940.355 ; gain = 481.277
Synthesis Optimization Complete : Time (s): cpu = 00:00:11 ; elapsed = 00:00:12 . Memory (MB): peak = 940.355 ; gain = 481.277
INFO: [Project 1-571] Translating synthesized netlist
Netlist sorting complete. Time (s): cpu = 00:00:00 ; elapsed = 00:00:00 . Memory (MB): peak = 953.305 ; gain = 0.000
INFO: [Project 1-570] Preparing netlist for logic optimization
INFO: [Opt 31-138] Pushed 0 inverter(s) to 0 load pin(s).
Netlist sorting complete. Time (s): cpu = 00:00:00 ; elapsed = 00:00:00 . Memory (MB): peak = 1050.785 ; gain = 0.000
INFO: [Project 1-111] Unisim Transformation Summary:
No Unisim elements were transformed.

INFO: [Common 17-83] Releasing license: Synthesis
21 Infos, 1 Warnings, 0 Critical Warnings and 0 Errors encountered.
synth_design completed successfully
synth_design: Time (s): cpu = 00:00:13 ; elapsed = 00:00:15 . Memory (MB): peak = 1050.785 ; gain = 596.676
Netlist sorting complete. Time (s): cpu = 00:00:00 ; elapsed = 00:00:00 . Memory (MB): peak = 1050.785 ; gain = 0.000
WARNING: [Constraints 18-5210] No constraints selected for write.
Resolution: This message can indicate that there are no constraints for the design, or it can indicate that the used_in flags are set such that the constraints are ignored. This later case is used when running synth_design to not write synthesis constraints to the resulting checkpoint. Instead, project constraints are read when the synthesized design is opened.
INFO: [Timing 38-35] Done setting XDC timing constraints.
INFO: [Common 17-1381] The checkpoint 'C:/fpga_course_logtel_2025/internet_tutorials/VGA_from_youtube/VGA_from_youtube.runs/design_1_top_0_0_synth_1/design_1_top_0_0.dcp' has been generated.
write_checkpoint: Time (s): cpu = 00:00:08 ; elapsed = 00:00:08 . Memory (MB): peak = 1476.551 ; gain = 425.766
WARNING: [Common 17-576] 'use_project_ipc' is deprecated. This option is deprecated and no longer used.
INFO: [Coretcl 2-1174] Renamed 3 cell refs.
Netlist sorting complete. Time (s): cpu = 00:00:00 ; elapsed = 00:00:00 . Memory (MB): peak = 1476.574 ; gain = 0.000
WARNING: [Constraints 18-5210] No constraints selected for write.
Resolution: This message can indicate that there are no constraints for the design, or it can indicate that the used_in flags are set such that the constraints are ignored. This later case is used when running synth_design to not write synthesis constraints to the resulting checkpoint. Instead, project constraints are read when the synthesized design is opened.
INFO: [Common 17-1381] The checkpoint 'C:/fpga_course_logtel_2025/internet_tutorials/VGA_from_youtube/VGA_from_youtube.runs/design_1_top_0_0_synth_1/design_1_top_0_0.dcp' has been generated.
INFO: [runtcl-4] Executing : report_utilization -file design_1_top_0_0_utilization_synth.rpt -pb design_1_top_0_0_utilization_synth.pb
INFO: [Common 17-206] Exiting Vivado at Sun May 25 11:06:18 2025...
