
*** Running vivado
    with args -log GPIO_demo.vds -m64 -product Vivado -mode batch -messageDb vivado.pb -notrace -source GPIO_demo.tcl



****** Vivado v2024.2.1 (64-bit)
  **** SW Build 5266912 on Sun Dec 15 09:03:24 MST 2024
  **** IP Build 5264866 on Sun Dec 15 16:27:47 MST 2024
  **** SharedData Build 5264680 on Wed Dec 11 12:48:36 MST 2024
  **** Start of session at: Fri Mar 14 14:38:51 2025
    ** Copyright 1986-2022 Xilinx, Inc. All Rights Reserved.
    ** Copyright 2022-2024 Advanced Micro Devices, Inc. All Rights Reserved.

source GPIO_demo.tcl -notrace
Command: read_checkpoint -auto_incremental -incremental C:/FPGA/logtel/lab18_io_plan_ip_intgrator/lab18_io_plan_ip_intgrator.srcs/utils_1/imports/synth_1/GPIO_demo.dcp
INFO: [Vivado 12-5825] Read reference checkpoint from C:/FPGA/logtel/lab18_io_plan_ip_intgrator/lab18_io_plan_ip_intgrator.srcs/utils_1/imports/synth_1/GPIO_demo.dcp for incremental synthesis
INFO: [Vivado 12-7989] Please ensure there are no constraint changes
Command: synth_design -top GPIO_demo__Behavioral -part xc7a100tcsg324-1
Starting synth_design
Attempting to get a license for feature 'Synthesis' and/or device 'xc7a100t'
INFO: [Common 17-349] Got license for feature 'Synthesis' and/or device 'xc7a100t'
INFO: [Device 21-403] Loading part xc7a100tcsg324-1
INFO: [Synth 8-7079] Multithreading enabled for synth_design using a maximum of 2 processes.
INFO: [Synth 8-7078] Launching helper process for spawning children vivado processes
INFO: [Synth 8-7075] Helper process launched with PID 3468
---------------------------------------------------------------------------------
Starting RTL Elaboration : Time (s): cpu = 00:00:13 ; elapsed = 00:00:14 . Memory (MB): peak = 1076.453 ; gain = 468.180
---------------------------------------------------------------------------------
INFO: [Synth 8-638] synthesizing module 'GPIO_demo' [C:/FPGA/logtel/lab18_io_plan_ip_intgrator/lab18_io_plan_ip_intgrator.srcs/sources_1/imports/hdl/GPIO_Demo.vhd:73]
	Parameter DEBNC_CLOCKS bound to: 65536 - type: integer 
	Parameter PORT_WIDTH bound to: 5 - type: integer 
INFO: [Synth 8-3491] module 'debouncer' declared at 'C:/FPGA/logtel/lab18_io_plan_ip_intgrator/lab18_io_plan_ip_intgrator.srcs/sources_1/imports/hdl/debouncer.vhd:42' bound to instance 'Inst_btn_debounce' of component 'debouncer' [C:/FPGA/logtel/lab18_io_plan_ip_intgrator/lab18_io_plan_ip_intgrator.srcs/sources_1/imports/hdl/GPIO_Demo.vhd:325]
INFO: [Synth 8-638] synthesizing module 'debouncer' [C:/FPGA/logtel/lab18_io_plan_ip_intgrator/lab18_io_plan_ip_intgrator.srcs/sources_1/imports/hdl/debouncer.vhd:50]
	Parameter DEBNC_CLOCKS bound to: 65536 - type: integer 
	Parameter PORT_WIDTH bound to: 5 - type: integer 
INFO: [Synth 8-256] done synthesizing module 'debouncer' (0#1) [C:/FPGA/logtel/lab18_io_plan_ip_intgrator/lab18_io_plan_ip_intgrator.srcs/sources_1/imports/hdl/debouncer.vhd:50]
INFO: [Synth 8-3491] module 'UART_TX_CTRL' declared at 'C:/FPGA/logtel/lab18_io_plan_ip_intgrator/lab18_io_plan_ip_intgrator.srcs/sources_1/imports/hdl/UART_TX_CTRL.vhd:42' bound to instance 'Inst_UART_TX_CTRL' of component 'UART_TX_CTRL' [C:/FPGA/logtel/lab18_io_plan_ip_intgrator/lab18_io_plan_ip_intgrator.srcs/sources_1/imports/hdl/GPIO_Demo.vhd:455]
INFO: [Synth 8-638] synthesizing module 'UART_TX_CTRL' [C:/FPGA/logtel/lab18_io_plan_ip_intgrator/lab18_io_plan_ip_intgrator.srcs/sources_1/imports/hdl/UART_TX_CTRL.vhd:50]
INFO: [Synth 8-256] done synthesizing module 'UART_TX_CTRL' (0#1) [C:/FPGA/logtel/lab18_io_plan_ip_intgrator/lab18_io_plan_ip_intgrator.srcs/sources_1/imports/hdl/UART_TX_CTRL.vhd:50]
INFO: [Synth 8-3491] module 'RGB_controller' declared at 'C:/FPGA/logtel/lab18_io_plan_ip_intgrator/lab18_io_plan_ip_intgrator.srcs/sources_1/imports/hdl/RGB_controller.vhd:20' bound to instance 'RGB_Core' of component 'RGB_controller' [C:/FPGA/logtel/lab18_io_plan_ip_intgrator/lab18_io_plan_ip_intgrator.srcs/sources_1/imports/hdl/GPIO_Demo.vhd:469]
INFO: [Synth 8-638] synthesizing module 'RGB_controller' [C:/FPGA/logtel/lab18_io_plan_ip_intgrator/lab18_io_plan_ip_intgrator.srcs/sources_1/imports/hdl/RGB_controller.vhd:28]
INFO: [Synth 8-256] done synthesizing module 'RGB_controller' (0#1) [C:/FPGA/logtel/lab18_io_plan_ip_intgrator/lab18_io_plan_ip_intgrator.srcs/sources_1/imports/hdl/RGB_controller.vhd:28]
INFO: [Synth 8-256] done synthesizing module 'GPIO_demo' (0#1) [C:/FPGA/logtel/lab18_io_plan_ip_intgrator/lab18_io_plan_ip_intgrator.srcs/sources_1/imports/hdl/GPIO_Demo.vhd:73]
WARNING: [Synth 8-3917] design GPIO_demo has port micLRSel driven by constant 0
WARNING: [Synth 8-3917] design GPIO_demo has port ampSD driven by constant 1
---------------------------------------------------------------------------------
Finished RTL Elaboration : Time (s): cpu = 00:00:16 ; elapsed = 00:00:18 . Memory (MB): peak = 1186.883 ; gain = 578.609
---------------------------------------------------------------------------------
---------------------------------------------------------------------------------
Start Handling Custom Attributes
---------------------------------------------------------------------------------
---------------------------------------------------------------------------------
Finished Handling Custom Attributes : Time (s): cpu = 00:00:16 ; elapsed = 00:00:18 . Memory (MB): peak = 1186.883 ; gain = 578.609
---------------------------------------------------------------------------------
---------------------------------------------------------------------------------
Finished RTL Optimization Phase 1 : Time (s): cpu = 00:00:16 ; elapsed = 00:00:18 . Memory (MB): peak = 1186.883 ; gain = 578.609
---------------------------------------------------------------------------------
Netlist sorting complete. Time (s): cpu = 00:00:00 ; elapsed = 00:00:00.021 . Memory (MB): peak = 1186.883 ; gain = 0.000
INFO: [Project 1-570] Preparing netlist for logic optimization

Processing XDC Constraints
Initializing timing engine
Parsing XDC File [C:/FPGA/logtel/lab18_io_plan_ip_intgrator/lab18_io_plan_ip_intgrator.srcs/constrs_1/new/ip_integ_exmap.xdc]
Finished Parsing XDC File [C:/FPGA/logtel/lab18_io_plan_ip_intgrator/lab18_io_plan_ip_intgrator.srcs/constrs_1/new/ip_integ_exmap.xdc]
INFO: [Project 1-236] Implementation specific constraints were found while reading constraint file [C:/FPGA/logtel/lab18_io_plan_ip_intgrator/lab18_io_plan_ip_intgrator.srcs/constrs_1/new/ip_integ_exmap.xdc]. These constraints will be ignored for synthesis but will be used in implementation. Impacted constraints are listed in the file [.Xil/GPIO_demo_propImpl.xdc].
Resolution: To avoid this warning, move constraints listed in [.Xil/GPIO_demo_propImpl.xdc] to another XDC file and exclude this new file from synthesis with the used_in_synthesis property (File Properties dialog in GUI) and re-run elaboration/synthesis.
Completed Processing XDC Constraints

Netlist sorting complete. Time (s): cpu = 00:00:00 ; elapsed = 00:00:00.001 . Memory (MB): peak = 1267.688 ; gain = 0.000
INFO: [Project 1-111] Unisim Transformation Summary:
No Unisim elements were transformed.

Constraint Validation Runtime : Time (s): cpu = 00:00:00 ; elapsed = 00:00:00.012 . Memory (MB): peak = 1267.688 ; gain = 0.000
---------------------------------------------------------------------------------
Finished Constraint Validation : Time (s): cpu = 00:00:32 ; elapsed = 00:00:34 . Memory (MB): peak = 1267.688 ; gain = 659.414
---------------------------------------------------------------------------------
---------------------------------------------------------------------------------
Start Loading Part and Timing Information
---------------------------------------------------------------------------------
Loading part: xc7a100tcsg324-1
---------------------------------------------------------------------------------
Finished Loading Part and Timing Information : Time (s): cpu = 00:00:32 ; elapsed = 00:00:34 . Memory (MB): peak = 1267.688 ; gain = 659.414
---------------------------------------------------------------------------------
---------------------------------------------------------------------------------
Start Applying 'set_property' XDC Constraints
---------------------------------------------------------------------------------
---------------------------------------------------------------------------------
Finished applying 'set_property' XDC Constraints : Time (s): cpu = 00:00:32 ; elapsed = 00:00:34 . Memory (MB): peak = 1267.688 ; gain = 659.414
---------------------------------------------------------------------------------
---------------------------------------------------------------------------------
Start Preparing Guide Design
---------------------------------------------------------------------------------
CRITICAL WARNING: [Synth 8-6895] The reference checkpoint C:/FPGA/logtel/lab18_io_plan_ip_intgrator/lab18_io_plan_ip_intgrator.srcs/utils_1/imports/synth_1/GPIO_demo.dcp is not suitable for use with incremental synthesis for this design. Please regenerate the checkpoint for this design with -incremental_synth switch in the same Vivado session that synth_design has been run. Synthesis will continue with the default flow
---------------------------------------------------------------------------------
Finished Doing Graph Differ : Time (s): cpu = 00:00:32 ; elapsed = 00:00:35 . Memory (MB): peak = 1267.688 ; gain = 659.414
---------------------------------------------------------------------------------
---------------------------------------------------------------------------------
Finished Preparing Guide Design : Time (s): cpu = 00:00:32 ; elapsed = 00:00:35 . Memory (MB): peak = 1267.688 ; gain = 659.414
---------------------------------------------------------------------------------
INFO: [Synth 8-802] inferred FSM for state register 'txState_reg' in module 'UART_TX_CTRL'
INFO: [Synth 8-802] inferred FSM for state register 'uartState_reg' in module 'GPIO_demo'
---------------------------------------------------------------------------------------------------
                   State |                     New Encoding |                Previous Encoding 
---------------------------------------------------------------------------------------------------
                     rdy |                               00 |                               00
                load_bit |                               01 |                               01
                send_bit |                               10 |                               10
---------------------------------------------------------------------------------------------------
INFO: [Synth 8-3354] encoded FSM with state register 'txState_reg' using encoding 'sequential' in module 'UART_TX_CTRL'
---------------------------------------------------------------------------------------------------
                   State |                     New Encoding |                Previous Encoding 
---------------------------------------------------------------------------------------------------
                 rst_reg |                              000 |                              000
             ld_init_str |                              001 |                              001
               send_char |                              010 |                              010
                 rdy_low |                              011 |                              011
                wait_rdy |                              100 |                              100
                wait_btn |                              101 |                              101
              ld_btn_str |                              110 |                              110
---------------------------------------------------------------------------------------------------
INFO: [Synth 8-3354] encoded FSM with state register 'uartState_reg' using encoding 'sequential' in module 'GPIO_demo'
---------------------------------------------------------------------------------
Finished RTL Optimization Phase 2 : Time (s): cpu = 00:00:33 ; elapsed = 00:00:35 . Memory (MB): peak = 1267.688 ; gain = 659.414
---------------------------------------------------------------------------------


Incremental Synthesis Report Summary:

1. Incremental synthesis run: no

   Reason for not running incremental synthesis : 


INFO: [Synth 8-7130] Flow is switching to default flow due to incremental criteria not met. If you would like to alter this behaviour and have the flow terminate instead, please set the following parameter config_implementation {autoIncr.Synth.RejectBehavior Terminate}
---------------------------------------------------------------------------------
Start RTL Component Statistics 
---------------------------------------------------------------------------------
Detailed RTL Component Info : 
+---Adders : 
	   2 Input    9 Bit       Adders := 1     
	   2 Input    8 Bit       Adders := 1     
	   2 Input    5 Bit       Adders := 1     
	   2 Input    4 Bit       Adders := 1     
+---XORs : 
	   2 Input      1 Bit         XORs := 5     
+---Registers : 
	               31 Bit    Registers := 1     
	               10 Bit    Registers := 1     
	                9 Bit    Registers := 1     
	                8 Bit    Registers := 32    
	                5 Bit    Registers := 2     
	                4 Bit    Registers := 2     
	                1 Bit    Registers := 6     
+---Muxes : 
	   3 Input   31 Bit        Muxes := 1     
	   2 Input   16 Bit        Muxes := 1     
	   2 Input    8 Bit        Muxes := 5     
	   3 Input    8 Bit        Muxes := 18    
	   2 Input    7 Bit        Muxes := 9     
	   2 Input    6 Bit        Muxes := 10    
	   2 Input    4 Bit        Muxes := 1     
	   2 Input    3 Bit        Muxes := 2     
	   7 Input    3 Bit        Muxes := 1     
	   3 Input    2 Bit        Muxes := 1     
	   2 Input    2 Bit        Muxes := 1     
	   2 Input    1 Bit        Muxes := 14    
	   3 Input    1 Bit        Muxes := 2     
	   7 Input    1 Bit        Muxes := 1     
---------------------------------------------------------------------------------
Finished RTL Component Statistics 
---------------------------------------------------------------------------------
---------------------------------------------------------------------------------
Start Part Resource Summary
---------------------------------------------------------------------------------
Part Resources:
DSPs: 240 (col length:80)
BRAMs: 270 (col length: RAMB18 80 RAMB36 40)
---------------------------------------------------------------------------------
Finished Part Resource Summary
---------------------------------------------------------------------------------
---------------------------------------------------------------------------------
Start Cross Boundary and Area Optimization
---------------------------------------------------------------------------------
WARNING: [Synth 8-7080] Parallel synthesis criteria is not met
WARNING: [Synth 8-3917] design GPIO_demo has port micLRSel driven by constant 0
WARNING: [Synth 8-3917] design GPIO_demo has port ampSD driven by constant 1
---------------------------------------------------------------------------------
Finished Cross Boundary and Area Optimization : Time (s): cpu = 00:00:37 ; elapsed = 00:00:40 . Memory (MB): peak = 1267.688 ; gain = 659.414
---------------------------------------------------------------------------------
---------------------------------------------------------------------------------
Start Applying XDC Timing Constraints
---------------------------------------------------------------------------------
---------------------------------------------------------------------------------
Finished Applying XDC Timing Constraints : Time (s): cpu = 00:00:44 ; elapsed = 00:00:47 . Memory (MB): peak = 1378.668 ; gain = 770.395
---------------------------------------------------------------------------------
---------------------------------------------------------------------------------
Start Timing Optimization
---------------------------------------------------------------------------------
---------------------------------------------------------------------------------
Finished Timing Optimization : Time (s): cpu = 00:00:44 ; elapsed = 00:00:47 . Memory (MB): peak = 1378.965 ; gain = 770.691
---------------------------------------------------------------------------------
---------------------------------------------------------------------------------
Start Technology Mapping
---------------------------------------------------------------------------------
---------------------------------------------------------------------------------
Finished Technology Mapping : Time (s): cpu = 00:00:44 ; elapsed = 00:00:47 . Memory (MB): peak = 1407.609 ; gain = 799.336
---------------------------------------------------------------------------------
---------------------------------------------------------------------------------
Start IO Insertion
---------------------------------------------------------------------------------
---------------------------------------------------------------------------------
Start Flattening Before IO Insertion
---------------------------------------------------------------------------------
---------------------------------------------------------------------------------
Finished Flattening Before IO Insertion
---------------------------------------------------------------------------------
---------------------------------------------------------------------------------
Start Final Netlist Cleanup
---------------------------------------------------------------------------------
---------------------------------------------------------------------------------
Finished Final Netlist Cleanup
---------------------------------------------------------------------------------
---------------------------------------------------------------------------------
Finished IO Insertion : Time (s): cpu = 00:00:48 ; elapsed = 00:00:52 . Memory (MB): peak = 1604.465 ; gain = 996.191
---------------------------------------------------------------------------------
---------------------------------------------------------------------------------
Start Renaming Generated Instances
---------------------------------------------------------------------------------
---------------------------------------------------------------------------------
Finished Renaming Generated Instances : Time (s): cpu = 00:00:48 ; elapsed = 00:00:52 . Memory (MB): peak = 1604.465 ; gain = 996.191
---------------------------------------------------------------------------------
---------------------------------------------------------------------------------
Start Rebuilding User Hierarchy
---------------------------------------------------------------------------------
---------------------------------------------------------------------------------
Finished Rebuilding User Hierarchy : Time (s): cpu = 00:00:48 ; elapsed = 00:00:52 . Memory (MB): peak = 1604.465 ; gain = 996.191
---------------------------------------------------------------------------------
---------------------------------------------------------------------------------
Start Renaming Generated Ports
---------------------------------------------------------------------------------
---------------------------------------------------------------------------------
Finished Renaming Generated Ports : Time (s): cpu = 00:00:48 ; elapsed = 00:00:52 . Memory (MB): peak = 1604.465 ; gain = 996.191
---------------------------------------------------------------------------------
---------------------------------------------------------------------------------
Start Handling Custom Attributes
---------------------------------------------------------------------------------
---------------------------------------------------------------------------------
Finished Handling Custom Attributes : Time (s): cpu = 00:00:48 ; elapsed = 00:00:52 . Memory (MB): peak = 1604.465 ; gain = 996.191
---------------------------------------------------------------------------------
---------------------------------------------------------------------------------
Start Renaming Generated Nets
---------------------------------------------------------------------------------
---------------------------------------------------------------------------------
Finished Renaming Generated Nets : Time (s): cpu = 00:00:48 ; elapsed = 00:00:52 . Memory (MB): peak = 1604.465 ; gain = 996.191
---------------------------------------------------------------------------------
---------------------------------------------------------------------------------
Start Writing Synthesis Report
---------------------------------------------------------------------------------

Report BlackBoxes: 
+-+--------------+----------+
| |BlackBox name |Instances |
+-+--------------+----------+
+-+--------------+----------+

Report Cell Usage: 
+------+-------+------+
|      |Cell   |Count |
+------+-------+------+
|1     |BUFG   |     1|
|2     |CARRY4 |    63|
|3     |LUT1   |    15|
|4     |LUT2   |    33|
|5     |LUT3   |    24|
|6     |LUT4   |    46|
|7     |LUT5   |    35|
|8     |LUT6   |    61|
|9     |MUXF7  |     5|
|10    |FDRE   |   286|
|11    |FDSE   |     1|
|12    |IBUF   |    23|
|13    |OBUF   |    43|
+------+-------+------+
---------------------------------------------------------------------------------
Finished Writing Synthesis Report : Time (s): cpu = 00:00:48 ; elapsed = 00:00:52 . Memory (MB): peak = 1604.465 ; gain = 996.191
---------------------------------------------------------------------------------
Synthesis finished with 0 errors, 1 critical warnings and 3 warnings.
Synthesis Optimization Runtime : Time (s): cpu = 00:00:28 ; elapsed = 00:00:48 . Memory (MB): peak = 1604.465 ; gain = 915.387
Synthesis Optimization Complete : Time (s): cpu = 00:00:48 ; elapsed = 00:00:52 . Memory (MB): peak = 1604.465 ; gain = 996.191
INFO: [Project 1-571] Translating synthesized netlist
Netlist sorting complete. Time (s): cpu = 00:00:00 ; elapsed = 00:00:00.006 . Memory (MB): peak = 1604.465 ; gain = 0.000
INFO: [Netlist 29-17] Analyzing 68 Unisim elements for replacement
INFO: [Netlist 29-28] Unisim Transformation completed in 0 CPU seconds
INFO: [Project 1-570] Preparing netlist for logic optimization
INFO: [Opt 31-138] Pushed 0 inverter(s) to 0 load pin(s).
Netlist sorting complete. Time (s): cpu = 00:00:00 ; elapsed = 00:00:00 . Memory (MB): peak = 1604.465 ; gain = 0.000
INFO: [Project 1-111] Unisim Transformation Summary:
No Unisim elements were transformed.

Synth Design complete | Checksum: f0543056
INFO: [Common 17-83] Releasing license: Synthesis
33 Infos, 5 Warnings, 1 Critical Warnings and 0 Errors encountered.
synth_design completed successfully
synth_design: Time (s): cpu = 00:00:54 ; elapsed = 00:01:01 . Memory (MB): peak = 1604.465 ; gain = 1199.074
INFO: [runtcl-6] Synthesis results are not added to the cache due to CRITICAL_WARNING
Write ShapeDB Complete: Time (s): cpu = 00:00:00 ; elapsed = 00:00:00.013 . Memory (MB): peak = 1604.465 ; gain = 0.000
INFO: [Common 17-1381] The checkpoint 'C:/FPGA/logtel/lab18_io_plan_ip_intgrator/lab18_io_plan_ip_intgrator.runs/synth_1/GPIO_demo.dcp' has been generated.
INFO: [Vivado 12-24828] Executing command : report_utilization -file GPIO_demo_utilization_synth.rpt -pb GPIO_demo_utilization_synth.pb
INFO: [Common 17-206] Exiting Vivado at Fri Mar 14 14:39:59 2025...
