
*** Running vivado
    with args -log PLL_CLK.vds -m64 -product Vivado -mode batch -messageDb vivado.pb -notrace -source PLL_CLK.tcl



****** Vivado v2024.2.1 (64-bit)
  **** SW Build 5266912 on Sun Dec 15 09:03:24 MST 2024
  **** IP Build 5264866 on Sun Dec 15 16:27:47 MST 2024
  **** SharedData Build 5264680 on Wed Dec 11 12:48:36 MST 2024
  **** Start of session at: Fri Mar 14 12:22:45 2025
    ** Copyright 1986-2022 Xilinx, Inc. All Rights Reserved.
    ** Copyright 2022-2024 Advanced Micro Devices, Inc. All Rights Reserved.

source PLL_CLK.tcl -notrace
create_project: Time (s): cpu = 00:00:05 ; elapsed = 00:00:06 . Memory (MB): peak = 404.445 ; gain = 103.133
Command: read_checkpoint -auto_incremental -incremental C:/FPGA/logtel/lab14_PLL_ILA/lab14_PLL_ILA.srcs/utils_1/imports/synth_1/PLL_CLK.dcp
INFO: [Vivado 12-5825] Read reference checkpoint from C:/FPGA/logtel/lab14_PLL_ILA/lab14_PLL_ILA.srcs/utils_1/imports/synth_1/PLL_CLK.dcp for incremental synthesis
INFO: [Vivado 12-7989] Please ensure there are no constraint changes
Command: synth_design -top PLL_CLK -part xc7a100tcsg324-1
Starting synth_design
Attempting to get a license for feature 'Synthesis' and/or device 'xc7a100t'
INFO: [Common 17-349] Got license for feature 'Synthesis' and/or device 'xc7a100t'
INFO: [Device 21-403] Loading part xc7a100tcsg324-1
INFO: [Designutils 20-5440] No compile time benefit to using incremental synthesis; A full resynthesis will be run
INFO: [Designutils 20-4379] Flow is switching to default flow due to incremental criteria not met. If you would like to alter this behaviour and have the flow terminate instead, please set the following parameter config_implementation {autoIncr.Synth.RejectBehavior Terminate}
INFO: [Synth 8-7079] Multithreading enabled for synth_design using a maximum of 2 processes.
INFO: [Synth 8-7078] Launching helper process for spawning children vivado processes
INFO: [Synth 8-7075] Helper process launched with PID 28708
---------------------------------------------------------------------------------
Starting RTL Elaboration : Time (s): cpu = 00:00:08 ; elapsed = 00:00:10 . Memory (MB): peak = 1086.562 ; gain = 468.402
---------------------------------------------------------------------------------
INFO: [Synth 8-638] synthesizing module 'PLL_CLK' [C:/FPGA/logtel/lab14_PLL_ILA/lab14_PLL_ILA.srcs/sources_1/imports/new/PLL_CLK.vhd:41]
INFO: [Synth 8-3491] module 'clk_wiz_0' declared at 'C:/FPGA/logtel/lab14_PLL_ILA/lab14_PLL_ILA.runs/synth_1/.Xil/Vivado-7284-dvirhersh_comp/realtime/clk_wiz_0_stub.vhdl:6' bound to instance 'pll_exercise_14' of component 'clk_wiz_0' [C:/FPGA/logtel/lab14_PLL_ILA/lab14_PLL_ILA.srcs/sources_1/imports/new/PLL_CLK.vhd:71]
INFO: [Synth 8-638] synthesizing module 'clk_wiz_0' [C:/FPGA/logtel/lab14_PLL_ILA/lab14_PLL_ILA.runs/synth_1/.Xil/Vivado-7284-dvirhersh_comp/realtime/clk_wiz_0_stub.vhdl:21]
INFO: [Synth 8-256] done synthesizing module 'PLL_CLK' (0#1) [C:/FPGA/logtel/lab14_PLL_ILA/lab14_PLL_ILA.srcs/sources_1/imports/new/PLL_CLK.vhd:41]
---------------------------------------------------------------------------------
Finished RTL Elaboration : Time (s): cpu = 00:00:11 ; elapsed = 00:00:13 . Memory (MB): peak = 1193.949 ; gain = 575.789
---------------------------------------------------------------------------------
---------------------------------------------------------------------------------
Start Handling Custom Attributes
---------------------------------------------------------------------------------
---------------------------------------------------------------------------------
Finished Handling Custom Attributes : Time (s): cpu = 00:00:11 ; elapsed = 00:00:13 . Memory (MB): peak = 1193.949 ; gain = 575.789
---------------------------------------------------------------------------------
---------------------------------------------------------------------------------
Finished RTL Optimization Phase 1 : Time (s): cpu = 00:00:11 ; elapsed = 00:00:13 . Memory (MB): peak = 1193.949 ; gain = 575.789
---------------------------------------------------------------------------------
Netlist sorting complete. Time (s): cpu = 00:00:00 ; elapsed = 00:00:00.001 . Memory (MB): peak = 1193.949 ; gain = 0.000
INFO: [Project 1-570] Preparing netlist for logic optimization

Processing XDC Constraints
Initializing timing engine
Parsing XDC File [c:/FPGA/logtel/lab14_PLL_ILA/lab14_PLL_ILA.gen/sources_1/ip/clk_wiz_0/clk_wiz_0/clk_wiz_0_in_context.xdc] for cell 'pll_exercise_14'
Finished Parsing XDC File [c:/FPGA/logtel/lab14_PLL_ILA/lab14_PLL_ILA.gen/sources_1/ip/clk_wiz_0/clk_wiz_0/clk_wiz_0_in_context.xdc] for cell 'pll_exercise_14'
Parsing XDC File [C:/FPGA/logtel/lab14_PLL_ILA/lab14_PLL_ILA.srcs/constrs_1/imports/new/pll_constraints.xdc]
Finished Parsing XDC File [C:/FPGA/logtel/lab14_PLL_ILA/lab14_PLL_ILA.srcs/constrs_1/imports/new/pll_constraints.xdc]
INFO: [Project 1-236] Implementation specific constraints were found while reading constraint file [C:/FPGA/logtel/lab14_PLL_ILA/lab14_PLL_ILA.srcs/constrs_1/imports/new/pll_constraints.xdc]. These constraints will be ignored for synthesis but will be used in implementation. Impacted constraints are listed in the file [.Xil/PLL_CLK_propImpl.xdc].
Resolution: To avoid this warning, move constraints listed in [.Xil/PLL_CLK_propImpl.xdc] to another XDC file and exclude this new file from synthesis with the used_in_synthesis property (File Properties dialog in GUI) and re-run elaboration/synthesis.
Completed Processing XDC Constraints

Netlist sorting complete. Time (s): cpu = 00:00:00 ; elapsed = 00:00:00 . Memory (MB): peak = 1262.914 ; gain = 0.000
INFO: [Project 1-111] Unisim Transformation Summary:
No Unisim elements were transformed.

Constraint Validation Runtime : Time (s): cpu = 00:00:00 ; elapsed = 00:00:00.006 . Memory (MB): peak = 1262.914 ; gain = 0.000
INFO: [Designutils 20-5440] No compile time benefit to using incremental synthesis; A full resynthesis will be run
INFO: [Designutils 20-4379] Flow is switching to default flow due to incremental criteria not met. If you would like to alter this behaviour and have the flow terminate instead, please set the following parameter config_implementation {autoIncr.Synth.RejectBehavior Terminate}
---------------------------------------------------------------------------------
Finished Constraint Validation : Time (s): cpu = 00:00:25 ; elapsed = 00:00:29 . Memory (MB): peak = 1262.914 ; gain = 644.754
---------------------------------------------------------------------------------
---------------------------------------------------------------------------------
Start Loading Part and Timing Information
---------------------------------------------------------------------------------
Loading part: xc7a100tcsg324-1
---------------------------------------------------------------------------------
Finished Loading Part and Timing Information : Time (s): cpu = 00:00:25 ; elapsed = 00:00:29 . Memory (MB): peak = 1262.914 ; gain = 644.754
---------------------------------------------------------------------------------
---------------------------------------------------------------------------------
Start Applying 'set_property' XDC Constraints
---------------------------------------------------------------------------------
Applied set_property IO_BUFFER_TYPE = NONE for CLK. (constraint file  c:/FPGA/logtel/lab14_PLL_ILA/lab14_PLL_ILA.gen/sources_1/ip/clk_wiz_0/clk_wiz_0/clk_wiz_0_in_context.xdc, line 6).
Applied set_property CLOCK_BUFFER_TYPE = NONE for CLK. (constraint file  c:/FPGA/logtel/lab14_PLL_ILA/lab14_PLL_ILA.gen/sources_1/ip/clk_wiz_0/clk_wiz_0/clk_wiz_0_in_context.xdc, line 7).
Applied set_property KEEP_HIERARCHY = SOFT for pll_exercise_14. (constraint file  auto generated constraint).
---------------------------------------------------------------------------------
Finished applying 'set_property' XDC Constraints : Time (s): cpu = 00:00:26 ; elapsed = 00:00:29 . Memory (MB): peak = 1262.914 ; gain = 644.754
---------------------------------------------------------------------------------
---------------------------------------------------------------------------------
Finished RTL Optimization Phase 2 : Time (s): cpu = 00:00:26 ; elapsed = 00:00:29 . Memory (MB): peak = 1262.914 ; gain = 644.754
---------------------------------------------------------------------------------
---------------------------------------------------------------------------------
Start RTL Component Statistics 
---------------------------------------------------------------------------------
Detailed RTL Component Info : 
+---Adders : 
	   2 Input    9 Bit       Adders := 4     
+---Registers : 
	                9 Bit    Registers := 4     
	                1 Bit    Registers := 4     
---------------------------------------------------------------------------------
Finished RTL Component Statistics 
---------------------------------------------------------------------------------
---------------------------------------------------------------------------------
Start Part Resource Summary
---------------------------------------------------------------------------------
Part Resources:
DSPs: 240 (col length:80)
BRAMs: 270 (col length: RAMB18 80 RAMB36 40)
---------------------------------------------------------------------------------
Finished Part Resource Summary
---------------------------------------------------------------------------------
---------------------------------------------------------------------------------
Start Cross Boundary and Area Optimization
---------------------------------------------------------------------------------
WARNING: [Synth 8-7080] Parallel synthesis criteria is not met
---------------------------------------------------------------------------------
Finished Cross Boundary and Area Optimization : Time (s): cpu = 00:00:28 ; elapsed = 00:00:32 . Memory (MB): peak = 1262.914 ; gain = 644.754
---------------------------------------------------------------------------------
---------------------------------------------------------------------------------
Start Applying XDC Timing Constraints
---------------------------------------------------------------------------------
---------------------------------------------------------------------------------
Finished Applying XDC Timing Constraints : Time (s): cpu = 00:00:37 ; elapsed = 00:00:41 . Memory (MB): peak = 1381.992 ; gain = 763.832
---------------------------------------------------------------------------------
---------------------------------------------------------------------------------
Start Timing Optimization
---------------------------------------------------------------------------------
---------------------------------------------------------------------------------
Finished Timing Optimization : Time (s): cpu = 00:00:37 ; elapsed = 00:00:41 . Memory (MB): peak = 1411.539 ; gain = 793.379
---------------------------------------------------------------------------------
---------------------------------------------------------------------------------
Start Technology Mapping
---------------------------------------------------------------------------------
---------------------------------------------------------------------------------
Finished Technology Mapping : Time (s): cpu = 00:00:37 ; elapsed = 00:00:42 . Memory (MB): peak = 1411.539 ; gain = 793.379
---------------------------------------------------------------------------------
---------------------------------------------------------------------------------
Start IO Insertion
---------------------------------------------------------------------------------
---------------------------------------------------------------------------------
Start Flattening Before IO Insertion
---------------------------------------------------------------------------------
---------------------------------------------------------------------------------
Finished Flattening Before IO Insertion
---------------------------------------------------------------------------------
---------------------------------------------------------------------------------
Start Final Netlist Cleanup
---------------------------------------------------------------------------------
---------------------------------------------------------------------------------
Finished Final Netlist Cleanup
---------------------------------------------------------------------------------
---------------------------------------------------------------------------------
Finished IO Insertion : Time (s): cpu = 00:00:43 ; elapsed = 00:00:48 . Memory (MB): peak = 1609.246 ; gain = 991.086
---------------------------------------------------------------------------------
---------------------------------------------------------------------------------
Start Renaming Generated Instances
---------------------------------------------------------------------------------
---------------------------------------------------------------------------------
Finished Renaming Generated Instances : Time (s): cpu = 00:00:43 ; elapsed = 00:00:48 . Memory (MB): peak = 1609.246 ; gain = 991.086
---------------------------------------------------------------------------------
---------------------------------------------------------------------------------
Start Rebuilding User Hierarchy
---------------------------------------------------------------------------------
---------------------------------------------------------------------------------
Finished Rebuilding User Hierarchy : Time (s): cpu = 00:00:43 ; elapsed = 00:00:48 . Memory (MB): peak = 1609.246 ; gain = 991.086
---------------------------------------------------------------------------------
---------------------------------------------------------------------------------
Start Renaming Generated Ports
---------------------------------------------------------------------------------
---------------------------------------------------------------------------------
Finished Renaming Generated Ports : Time (s): cpu = 00:00:43 ; elapsed = 00:00:48 . Memory (MB): peak = 1609.246 ; gain = 991.086
---------------------------------------------------------------------------------
---------------------------------------------------------------------------------
Start Handling Custom Attributes
---------------------------------------------------------------------------------
---------------------------------------------------------------------------------
Finished Handling Custom Attributes : Time (s): cpu = 00:00:43 ; elapsed = 00:00:48 . Memory (MB): peak = 1609.246 ; gain = 991.086
---------------------------------------------------------------------------------
---------------------------------------------------------------------------------
Start Renaming Generated Nets
---------------------------------------------------------------------------------
---------------------------------------------------------------------------------
Finished Renaming Generated Nets : Time (s): cpu = 00:00:43 ; elapsed = 00:00:48 . Memory (MB): peak = 1609.246 ; gain = 991.086
---------------------------------------------------------------------------------
---------------------------------------------------------------------------------
Start Writing Synthesis Report
---------------------------------------------------------------------------------

Report BlackBoxes: 
+------+--------------+----------+
|      |BlackBox name |Instances |
+------+--------------+----------+
|1     |clk_wiz_0     |         1|
+------+--------------+----------+

Report Cell Usage: 
+------+---------------+------+
|      |Cell           |Count |
+------+---------------+------+
|1     |clk_wiz_0_bbox |     1|
|2     |LUT1           |     4|
|3     |LUT2           |     9|
|4     |LUT3           |     8|
|5     |LUT4           |     8|
|6     |LUT5           |    12|
|7     |LUT6           |    12|
|8     |FDRE           |    40|
|9     |IBUF           |     1|
|10    |OBUF           |     4|
+------+---------------+------+
---------------------------------------------------------------------------------
Finished Writing Synthesis Report : Time (s): cpu = 00:00:43 ; elapsed = 00:00:48 . Memory (MB): peak = 1609.246 ; gain = 991.086
---------------------------------------------------------------------------------
Synthesis finished with 0 errors, 0 critical warnings and 1 warnings.
Synthesis Optimization Runtime : Time (s): cpu = 00:00:29 ; elapsed = 00:00:44 . Memory (MB): peak = 1609.246 ; gain = 922.121
Synthesis Optimization Complete : Time (s): cpu = 00:00:43 ; elapsed = 00:00:48 . Memory (MB): peak = 1609.246 ; gain = 991.086
INFO: [Project 1-571] Translating synthesized netlist
Netlist sorting complete. Time (s): cpu = 00:00:00 ; elapsed = 00:00:00 . Memory (MB): peak = 1609.246 ; gain = 0.000
INFO: [Project 1-570] Preparing netlist for logic optimization
INFO: [Opt 31-138] Pushed 0 inverter(s) to 0 load pin(s).
Netlist sorting complete. Time (s): cpu = 00:00:00 ; elapsed = 00:00:00 . Memory (MB): peak = 1609.246 ; gain = 0.000
INFO: [Project 1-111] Unisim Transformation Summary:
No Unisim elements were transformed.

Synth Design complete | Checksum: c64ca196
INFO: [Common 17-83] Releasing license: Synthesis
23 Infos, 1 Warnings, 0 Critical Warnings and 0 Errors encountered.
synth_design completed successfully
synth_design: Time (s): cpu = 00:00:49 ; elapsed = 00:00:57 . Memory (MB): peak = 1609.246 ; gain = 1195.520
Write ShapeDB Complete: Time (s): cpu = 00:00:00 ; elapsed = 00:00:00.003 . Memory (MB): peak = 1609.246 ; gain = 0.000
INFO: [Common 17-1381] The checkpoint 'C:/FPGA/logtel/lab14_PLL_ILA/lab14_PLL_ILA.runs/synth_1/PLL_CLK.dcp' has been generated.
INFO: [Vivado 12-24828] Executing command : report_utilization -file PLL_CLK_utilization_synth.rpt -pb PLL_CLK_utilization_synth.pb
INFO: [Common 17-206] Exiting Vivado at Fri Mar 14 12:23:54 2025...
